{"D:\\LabDash\\backend\\controllers\\agent.controller.js": {"path":"D:\\LabDash\\backend\\controllers\\agent.controller.js","statementMap":{"0":{"start":{"line":2,"column":14},"end":{"line":2,"column":30}},"1":{"start":{"line":5,"column":24},"end":{"line":5,"column":95}},"2":{"start":{"line":8,"column":0},"end":{"line":41,"column":2}},"3":{"start":{"line":9,"column":2},"end":{"line":40,"column":3}},"4":{"start":{"line":10,"column":31},"end":{"line":10,"column":39}},"5":{"start":{"line":12,"column":4},"end":{"line":14,"column":5}},"6":{"start":{"line":13,"column":6},"end":{"line":13,"column":66}},"7":{"start":{"line":17,"column":21},"end":{"line":23,"column":6}},"8":{"start":{"line":25,"column":4},"end":{"line":28,"column":7}},"9":{"start":{"line":31,"column":4},"end":{"line":31,"column":50}},"10":{"start":{"line":33,"column":4},"end":{"line":37,"column":5}},"11":{"start":{"line":34,"column":6},"end":{"line":36,"column":9}},"12":{"start":{"line":39,"column":4},"end":{"line":39,"column":14}},"13":{"start":{"line":44,"column":0},"end":{"line":70,"column":2}},"14":{"start":{"line":45,"column":2},"end":{"line":69,"column":3}},"15":{"start":{"line":46,"column":25},"end":{"line":46,"column":33}},"16":{"start":{"line":48,"column":4},"end":{"line":50,"column":5}},"17":{"start":{"line":49,"column":6},"end":{"line":49,"column":75}},"18":{"start":{"line":53,"column":21},"end":{"line":59,"column":6}},"19":{"start":{"line":61,"column":4},"end":{"line":64,"column":7}},"20":{"start":{"line":67,"column":4},"end":{"line":67,"column":61}},"21":{"start":{"line":68,"column":4},"end":{"line":68,"column":14}},"22":{"start":{"line":73,"column":0},"end":{"line":100,"column":2}},"23":{"start":{"line":74,"column":2},"end":{"line":99,"column":3}},"24":{"start":{"line":75,"column":40},"end":{"line":75,"column":48}},"25":{"start":{"line":77,"column":4},"end":{"line":79,"column":5}},"26":{"start":{"line":78,"column":6},"end":{"line":78,"column":68}},"27":{"start":{"line":81,"column":21},"end":{"line":88,"column":6}},"28":{"start":{"line":90,"column":4},"end":{"line":94,"column":7}},"29":{"start":{"line":97,"column":4},"end":{"line":97,"column":46}},"30":{"start":{"line":98,"column":4},"end":{"line":98,"column":14}}},"fnMap":{"0":{"name":"(anonymous_0)","decl":{"start":{"line":8,"column":21},"end":{"line":8,"column":22}},"loc":{"start":{"line":8,"column":47},"end":{"line":41,"column":1}},"line":8},"1":{"name":"(anonymous_1)","decl":{"start":{"line":44,"column":25},"end":{"line":44,"column":26}},"loc":{"start":{"line":44,"column":51},"end":{"line":70,"column":1}},"line":44},"2":{"name":"(anonymous_2)","decl":{"start":{"line":73,"column":15},"end":{"line":73,"column":16}},"loc":{"start":{"line":73,"column":41},"end":{"line":100,"column":1}},"line":73}},"branchMap":{"0":{"loc":{"start":{"line":5,"column":24},"end":{"line":5,"column":95}},"type":"binary-expr","locations":[{"start":{"line":5,"column":24},"end":{"line":5,"column":51}},{"start":{"line":5,"column":55},"end":{"line":5,"column":95}}],"line":5},"1":{"loc":{"start":{"line":12,"column":4},"end":{"line":14,"column":5}},"type":"if","locations":[{"start":{"line":12,"column":4},"end":{"line":14,"column":5}},{"start":{},"end":{}}],"line":12},"2":{"loc":{"start":{"line":19,"column":15},"end":{"line":19,"column":28}},"type":"binary-expr","locations":[{"start":{"line":19,"column":15},"end":{"line":19,"column":22}},{"start":{"line":19,"column":26},"end":{"line":19,"column":28}}],"line":19},"3":{"loc":{"start":{"line":33,"column":4},"end":{"line":37,"column":5}},"type":"if","locations":[{"start":{"line":33,"column":4},"end":{"line":37,"column":5}},{"start":{},"end":{}}],"line":33},"4":{"loc":{"start":{"line":48,"column":4},"end":{"line":50,"column":5}},"type":"if","locations":[{"start":{"line":48,"column":4},"end":{"line":50,"column":5}},{"start":{},"end":{}}],"line":48},"5":{"loc":{"start":{"line":48,"column":8},"end":{"line":48,"column":45}},"type":"binary-expr","locations":[{"start":{"line":48,"column":8},"end":{"line":48,"column":17}},{"start":{"line":48,"column":21},"end":{"line":48,"column":45}}],"line":48},"6":{"loc":{"start":{"line":77,"column":4},"end":{"line":79,"column":5}},"type":"if","locations":[{"start":{"line":77,"column":4},"end":{"line":79,"column":5}},{"start":{},"end":{}}],"line":77},"7":{"loc":{"start":{"line":84,"column":22},"end":{"line":84,"column":44}},"type":"binary-expr","locations":[{"start":{"line":84,"column":22},"end":{"line":84,"column":36}},{"start":{"line":84,"column":40},"end":{"line":84,"column":44}}],"line":84}},"s":{"0":0,"1":0,"2":0,"3":0,"4":0,"5":0,"6":0,"7":0,"8":0,"9":0,"10":0,"11":0,"12":0,"13":0,"14":0,"15":0,"16":0,"17":0,"18":0,"19":0,"20":0,"21":0,"22":0,"23":0,"24":0,"25":0,"26":0,"27":0,"28":0,"29":0,"30":0},"f":{"0":0,"1":0,"2":0},"b":{"0":[0,0],"1":[0,0],"2":[0,0],"3":[0,0],"4":[0,0],"5":[0,0],"6":[0,0],"7":[0,0]}}
,"D:\\LabDash\\backend\\controllers\\auth.controller.js": {"path":"D:\\LabDash\\backend\\controllers\\auth.controller.js","statementMap":{"0":{"start":{"line":2,"column":17},"end":{"line":2,"column":46}},"1":{"start":{"line":5,"column":0},"end":{"line":26,"column":2}},"2":{"start":{"line":6,"column":2},"end":{"line":25,"column":3}},"3":{"start":{"line":7,"column":38},"end":{"line":7,"column":107}},"4":{"start":{"line":9,"column":4},"end":{"line":11,"column":5}},"5":{"start":{"line":10,"column":6},"end":{"line":10,"column":61}},"6":{"start":{"line":13,"column":4},"end":{"line":22,"column":7}},"7":{"start":{"line":24,"column":4},"end":{"line":24,"column":14}},"8":{"start":{"line":29,"column":0},"end":{"line":52,"column":2}},"9":{"start":{"line":30,"column":2},"end":{"line":51,"column":3}},"10":{"start":{"line":31,"column":28},"end":{"line":31,"column":36}},"11":{"start":{"line":32,"column":18},"end":{"line":32,"column":58}},"12":{"start":{"line":34,"column":28},"end":{"line":39,"column":6}},"13":{"start":{"line":41,"column":4},"end":{"line":43,"column":5}},"14":{"start":{"line":42,"column":6},"end":{"line":42,"column":60}},"15":{"start":{"line":45,"column":4},"end":{"line":48,"column":7}},"16":{"start":{"line":50,"column":4},"end":{"line":50,"column":14}},"17":{"start":{"line":55,"column":0},"end":{"line":67,"column":2}},"18":{"start":{"line":56,"column":2},"end":{"line":66,"column":3}},"19":{"start":{"line":57,"column":22},"end":{"line":57,"column":51}},"20":{"start":{"line":59,"column":4},"end":{"line":61,"column":5}},"21":{"start":{"line":60,"column":6},"end":{"line":60,"column":60}},"22":{"start":{"line":63,"column":4},"end":{"line":63,"column":68}},"23":{"start":{"line":65,"column":4},"end":{"line":65,"column":14}}},"fnMap":{"0":{"name":"(anonymous_0)","decl":{"start":{"line":5,"column":21},"end":{"line":5,"column":22}},"loc":{"start":{"line":5,"column":47},"end":{"line":26,"column":1}},"line":5},"1":{"name":"(anonymous_1)","decl":{"start":{"line":29,"column":24},"end":{"line":29,"column":25}},"loc":{"start":{"line":29,"column":50},"end":{"line":52,"column":1}},"line":29},"2":{"name":"(anonymous_2)","decl":{"start":{"line":55,"column":18},"end":{"line":55,"column":19}},"loc":{"start":{"line":55,"column":44},"end":{"line":67,"column":1}},"line":55}},"branchMap":{"0":{"loc":{"start":{"line":9,"column":4},"end":{"line":11,"column":5}},"type":"if","locations":[{"start":{"line":9,"column":4},"end":{"line":11,"column":5}},{"start":{},"end":{}}],"line":9},"1":{"loc":{"start":{"line":18,"column":14},"end":{"line":18,"column":71}},"type":"binary-expr","locations":[{"start":{"line":18,"column":14},"end":{"line":18,"column":43}},{"start":{"line":18,"column":47},"end":{"line":18,"column":71}}],"line":18},"2":{"loc":{"start":{"line":41,"column":4},"end":{"line":43,"column":5}},"type":"if","locations":[{"start":{"line":41,"column":4},"end":{"line":43,"column":5}},{"start":{},"end":{}}],"line":41},"3":{"loc":{"start":{"line":59,"column":4},"end":{"line":61,"column":5}},"type":"if","locations":[{"start":{"line":59,"column":4},"end":{"line":61,"column":5}},{"start":{},"end":{}}],"line":59}},"s":{"0":0,"1":0,"2":0,"3":0,"4":0,"5":0,"6":0,"7":0,"8":0,"9":0,"10":0,"11":0,"12":0,"13":0,"14":0,"15":0,"16":0,"17":0,"18":0,"19":0,"20":0,"21":0,"22":0,"23":0},"f":{"0":0,"1":0,"2":0},"b":{"0":[0,0],"1":[0,0],"2":[0,0],"3":[0,0]}}
,"D:\\LabDash\\backend\\controllers\\orders.controller.js": {"path":"D:\\LabDash\\backend\\controllers\\orders.controller.js","statementMap":{"0":{"start":{"line":1,"column":53},"end":{"line":1,"column":75}},"1":{"start":{"line":2,"column":19},"end":{"line":2,"column":36}},"2":{"start":{"line":4,"column":0},"end":{"line":11,"column":2}},"3":{"start":{"line":5,"column":2},"end":{"line":10,"column":3}},"4":{"start":{"line":6,"column":19},"end":{"line":6,"column":33}},"5":{"start":{"line":7,"column":4},"end":{"line":7,"column":21}},"6":{"start":{"line":9,"column":4},"end":{"line":9,"column":14}},"7":{"start":{"line":13,"column":0},"end":{"line":33,"column":2}},"8":{"start":{"line":14,"column":2},"end":{"line":32,"column":3}},"9":{"start":{"line":15,"column":92},"end":{"line":15,"column":106}},"10":{"start":{"line":16,"column":4},"end":{"line":16,"column":110}},"11":{"start":{"line":16,"column":53},"end":{"line":16,"column":110}},"12":{"start":{"line":18,"column":18},"end":{"line":26,"column":5}},"13":{"start":{"line":28,"column":4},"end":{"line":28,"column":25}},"14":{"start":{"line":29,"column":4},"end":{"line":29,"column":32}},"15":{"start":{"line":31,"column":4},"end":{"line":31,"column":14}}},"fnMap":{"0":{"name":"(anonymous_0)","decl":{"start":{"line":4,"column":21},"end":{"line":4,"column":22}},"loc":{"start":{"line":4,"column":47},"end":{"line":11,"column":1}},"line":4},"1":{"name":"(anonymous_1)","decl":{"start":{"line":13,"column":22},"end":{"line":13,"column":23}},"loc":{"start":{"line":13,"column":48},"end":{"line":33,"column":1}},"line":13}},"branchMap":{"0":{"loc":{"start":{"line":15,"column":12},"end":{"line":15,"column":22}},"type":"default-arg","locations":[{"start":{"line":15,"column":20},"end":{"line":15,"column":22}}],"line":15},"1":{"loc":{"start":{"line":15,"column":24},"end":{"line":15,"column":39}},"type":"default-arg","locations":[{"start":{"line":15,"column":38},"end":{"line":15,"column":39}}],"line":15},"2":{"loc":{"start":{"line":15,"column":41},"end":{"line":15,"column":63}},"type":"default-arg","locations":[{"start":{"line":15,"column":59},"end":{"line":15,"column":63}}],"line":15},"3":{"loc":{"start":{"line":15,"column":65},"end":{"line":15,"column":87}},"type":"default-arg","locations":[{"start":{"line":15,"column":83},"end":{"line":15,"column":87}}],"line":15},"4":{"loc":{"start":{"line":15,"column":92},"end":{"line":15,"column":106}},"type":"binary-expr","locations":[{"start":{"line":15,"column":92},"end":{"line":15,"column":100}},{"start":{"line":15,"column":104},"end":{"line":15,"column":106}}],"line":15},"5":{"loc":{"start":{"line":16,"column":4},"end":{"line":16,"column":110}},"type":"if","locations":[{"start":{"line":16,"column":4},"end":{"line":16,"column":110}},{"start":{},"end":{}}],"line":16},"6":{"loc":{"start":{"line":16,"column":8},"end":{"line":16,"column":51}},"type":"binary-expr","locations":[{"start":{"line":16,"column":8},"end":{"line":16,"column":29}},{"start":{"line":16,"column":33},"end":{"line":16,"column":51}}],"line":16},"7":{"loc":{"start":{"line":21,"column":26},"end":{"line":21,"column":42}},"type":"binary-expr","locations":[{"start":{"line":21,"column":26},"end":{"line":21,"column":37}},{"start":{"line":21,"column":41},"end":{"line":21,"column":42}}],"line":21}},"s":{"0":5,"1":5,"2":5,"3":2,"4":2,"5":2,"6":0,"7":5,"8":8,"9":8,"10":8,"11":3,"12":5,"13":5,"14":5,"15":0},"f":{"0":2,"1":8},"b":{"0":[1],"1":[4],"2":[7],"3":[7],"4":[8,0],"5":[3,5],"6":[8,7],"7":[5,4]},"_coverageSchema":"1a1c01bbd47fc00a2c39e90264f33305004495a9","hash":"578ffc061a44ac3687120d8ff5fe7a4e5ae9828b"}
,"D:\\LabDash\\backend\\controllers\\payments.controller.js": {"path":"D:\\LabDash\\backend\\controllers\\payments.controller.js","statementMap":{"0":{"start":{"line":2,"column":17},"end":{"line":2,"column":36}},"1":{"start":{"line":3,"column":15},"end":{"line":3,"column":32}},"2":{"start":{"line":4,"column":21},"end":{"line":4,"column":57}},"3":{"start":{"line":5,"column":19},"end":{"line":5,"column":53}},"4":{"start":{"line":7,"column":17},"end":{"line":10,"column":2}},"5":{"start":{"line":13,"column":0},"end":{"line":41,"column":2}},"6":{"start":{"line":14,"column":2},"end":{"line":40,"column":3}},"7":{"start":{"line":15,"column":57},"end":{"line":15,"column":65}},"8":{"start":{"line":17,"column":4},"end":{"line":19,"column":5}},"9":{"start":{"line":18,"column":6},"end":{"line":18,"column":67}},"10":{"start":{"line":21,"column":20},"end":{"line":26,"column":5}},"11":{"start":{"line":28,"column":18},"end":{"line":28,"column":55}},"12":{"start":{"line":30,"column":4},"end":{"line":36,"column":7}},"13":{"start":{"line":38,"column":4},"end":{"line":38,"column":57}},"14":{"start":{"line":39,"column":4},"end":{"line":39,"column":14}},"15":{"start":{"line":44,"column":0},"end":{"line":94,"column":2}},"16":{"start":{"line":45,"column":2},"end":{"line":93,"column":3}},"17":{"start":{"line":46,"column":75},"end":{"line":46,"column":83}},"18":{"start":{"line":48,"column":4},"end":{"line":50,"column":5}},"19":{"start":{"line":49,"column":6},"end":{"line":49,"column":72}},"20":{"start":{"line":52,"column":17},"end":{"line":52,"column":62}},"21":{"start":{"line":53,"column":25},"end":{"line":56,"column":20}},"22":{"start":{"line":58,"column":4},"end":{"line":89,"column":5}},"23":{"start":{"line":63,"column":6},"end":{"line":69,"column":7}},"24":{"start":{"line":64,"column":8},"end":{"line":68,"column":11}},"25":{"start":{"line":71,"column":6},"end":{"line":77,"column":7}},"26":{"start":{"line":72,"column":8},"end":{"line":76,"column":10}},"27":{"start":{"line":79,"column":6},"end":{"line":83,"column":9}},"28":{"start":{"line":85,"column":6},"end":{"line":88,"column":9}},"29":{"start":{"line":91,"column":4},"end":{"line":91,"column":51}},"30":{"start":{"line":92,"column":4},"end":{"line":92,"column":14}},"31":{"start":{"line":97,"column":0},"end":{"line":137,"column":2}},"32":{"start":{"line":98,"column":2},"end":{"line":136,"column":3}},"33":{"start":{"line":99,"column":26},"end":{"line":99,"column":61}},"34":{"start":{"line":100,"column":22},"end":{"line":100,"column":57}},"35":{"start":{"line":103,"column":30},"end":{"line":106,"column":20}},"36":{"start":{"line":108,"column":4},"end":{"line":132,"column":5}},"37":{"start":{"line":109,"column":20},"end":{"line":109,"column":34}},"38":{"start":{"line":110,"column":22},"end":{"line":110,"column":53}},"39":{"start":{"line":112,"column":6},"end":{"line":112,"column":43}},"40":{"start":{"line":113,"column":6},"end":{"line":113,"column":47}},"41":{"start":{"line":116,"column":6},"end":{"line":127,"column":7}},"42":{"start":{"line":119,"column":10},"end":{"line":119,"column":55}},"43":{"start":{"line":120,"column":10},"end":{"line":120,"column":16}},"44":{"start":{"line":123,"column":10},"end":{"line":123,"column":53}},"45":{"start":{"line":124,"column":10},"end":{"line":124,"column":16}},"46":{"start":{"line":126,"column":10},"end":{"line":126,"column":49}},"47":{"start":{"line":129,"column":6},"end":{"line":129,"column":33}},"48":{"start":{"line":131,"column":6},"end":{"line":131,"column":59}},"49":{"start":{"line":134,"column":4},"end":{"line":134,"column":41}},"50":{"start":{"line":135,"column":4},"end":{"line":135,"column":14}},"51":{"start":{"line":140,"column":0},"end":{"line":154,"column":2}},"52":{"start":{"line":141,"column":2},"end":{"line":153,"column":3}},"53":{"start":{"line":142,"column":27},"end":{"line":142,"column":37}},"54":{"start":{"line":144,"column":20},"end":{"line":144,"column":61}},"55":{"start":{"line":146,"column":4},"end":{"line":149,"column":7}},"56":{"start":{"line":151,"column":4},"end":{"line":151,"column":50}},"57":{"start":{"line":152,"column":4},"end":{"line":152,"column":14}}},"fnMap":{"0":{"name":"(anonymous_0)","decl":{"start":{"line":13,"column":22},"end":{"line":13,"column":23}},"loc":{"start":{"line":13,"column":48},"end":{"line":41,"column":1}},"line":13},"1":{"name":"(anonymous_1)","decl":{"start":{"line":44,"column":24},"end":{"line":44,"column":25}},"loc":{"start":{"line":44,"column":50},"end":{"line":94,"column":1}},"line":44},"2":{"name":"(anonymous_2)","decl":{"start":{"line":97,"column":18},"end":{"line":97,"column":19}},"loc":{"start":{"line":97,"column":44},"end":{"line":137,"column":1}},"line":97},"3":{"name":"(anonymous_3)","decl":{"start":{"line":140,"column":28},"end":{"line":140,"column":29}},"loc":{"start":{"line":140,"column":54},"end":{"line":154,"column":1}},"line":140}},"branchMap":{"0":{"loc":{"start":{"line":8,"column":10},"end":{"line":8,"column":55}},"type":"binary-expr","locations":[{"start":{"line":8,"column":10},"end":{"line":8,"column":37}},{"start":{"line":8,"column":41},"end":{"line":8,"column":55}}],"line":8},"1":{"loc":{"start":{"line":9,"column":14},"end":{"line":9,"column":66}},"type":"binary-expr","locations":[{"start":{"line":9,"column":14},"end":{"line":9,"column":45}},{"start":{"line":9,"column":49},"end":{"line":9,"column":66}}],"line":9},"2":{"loc":{"start":{"line":15,"column":20},"end":{"line":15,"column":36}},"type":"default-arg","locations":[{"start":{"line":15,"column":31},"end":{"line":15,"column":36}}],"line":15},"3":{"loc":{"start":{"line":17,"column":4},"end":{"line":19,"column":5}},"type":"if","locations":[{"start":{"line":17,"column":4},"end":{"line":19,"column":5}},{"start":{},"end":{}}],"line":17},"4":{"loc":{"start":{"line":24,"column":15},"end":{"line":24,"column":49}},"type":"binary-expr","locations":[{"start":{"line":24,"column":15},"end":{"line":24,"column":22}},{"start":{"line":24,"column":26},"end":{"line":24,"column":49}}],"line":24},"5":{"loc":{"start":{"line":25,"column":13},"end":{"line":25,"column":24}},"type":"binary-expr","locations":[{"start":{"line":25,"column":13},"end":{"line":25,"column":18}},{"start":{"line":25,"column":22},"end":{"line":25,"column":24}}],"line":25},"6":{"loc":{"start":{"line":48,"column":4},"end":{"line":50,"column":5}},"type":"if","locations":[{"start":{"line":48,"column":4},"end":{"line":50,"column":5}},{"start":{},"end":{}}],"line":48},"7":{"loc":{"start":{"line":48,"column":8},"end":{"line":48,"column":73}},"type":"binary-expr","locations":[{"start":{"line":48,"column":8},"end":{"line":48,"column":26}},{"start":{"line":48,"column":30},"end":{"line":48,"column":50}},{"start":{"line":48,"column":54},"end":{"line":48,"column":73}}],"line":48},"8":{"loc":{"start":{"line":58,"column":4},"end":{"line":89,"column":5}},"type":"if","locations":[{"start":{"line":58,"column":4},"end":{"line":89,"column":5}},{"start":{"line":84,"column":11},"end":{"line":89,"column":5}}],"line":58},"9":{"loc":{"start":{"line":63,"column":6},"end":{"line":69,"column":7}},"type":"if","locations":[{"start":{"line":63,"column":6},"end":{"line":69,"column":7}},{"start":{},"end":{}}],"line":63},"10":{"loc":{"start":{"line":66,"column":17},"end":{"line":66,"column":37}},"type":"binary-expr","locations":[{"start":{"line":66,"column":17},"end":{"line":66,"column":31}},{"start":{"line":66,"column":35},"end":{"line":66,"column":37}}],"line":66},"11":{"loc":{"start":{"line":67,"column":17},"end":{"line":67,"column":37}},"type":"binary-expr","locations":[{"start":{"line":67,"column":17},"end":{"line":67,"column":32}},{"start":{"line":67,"column":36},"end":{"line":67,"column":37}}],"line":67},"12":{"loc":{"start":{"line":71,"column":6},"end":{"line":77,"column":7}},"type":"if","locations":[{"start":{"line":71,"column":6},"end":{"line":77,"column":7}},{"start":{},"end":{}}],"line":71},"13":{"loc":{"start":{"line":75,"column":10},"end":{"line":75,"column":30}},"type":"binary-expr","locations":[{"start":{"line":75,"column":10},"end":{"line":75,"column":25}},{"start":{"line":75,"column":29},"end":{"line":75,"column":30}}],"line":75},"14":{"loc":{"start":{"line":108,"column":4},"end":{"line":132,"column":5}},"type":"if","locations":[{"start":{"line":108,"column":4},"end":{"line":132,"column":5}},{"start":{"line":130,"column":11},"end":{"line":132,"column":5}}],"line":108},"15":{"loc":{"start":{"line":116,"column":6},"end":{"line":127,"column":7}},"type":"switch","locations":[{"start":{"line":117,"column":8},"end":{"line":120,"column":16}},{"start":{"line":121,"column":8},"end":{"line":124,"column":16}},{"start":{"line":125,"column":8},"end":{"line":126,"column":49}}],"line":116}},"s":{"0":5,"1":5,"2":5,"3":5,"4":5,"5":5,"6":6,"7":6,"8":6,"9":2,"10":4,"11":4,"12":0,"13":4,"14":4,"15":5,"16":4,"17":4,"18":4,"19":3,"20":1,"21":1,"22":1,"23":0,"24":0,"25":0,"26":0,"27":0,"28":1,"29":0,"30":0,"31":5,"32":1,"33":1,"34":1,"35":1,"36":0,"37":0,"38":0,"39":0,"40":0,"41":0,"42":0,"43":0,"44":0,"45":0,"46":0,"47":0,"48":0,"49":1,"50":1,"51":5,"52":2,"53":2,"54":2,"55":0,"56":2,"57":2},"f":{"0":6,"1":4,"2":1,"3":2},"b":{"0":[5,0],"1":[5,0],"2":[1],"3":[2,4],"4":[4,3],"5":[4,4],"6":[3,1],"7":[4,3,2],"8":[0,1],"9":[0,0],"10":[0,0],"11":[0,0],"12":[0,0],"13":[0,0],"14":[0,0],"15":[0,0,0]},"_coverageSchema":"1a1c01bbd47fc00a2c39e90264f33305004495a9","hash":"1ed192f63db3540e000a9dd809938be445f4a2b3"}
,"D:\\LabDash\\backend\\controllers\\tests.controller.js": {"path":"D:\\LabDash\\backend\\controllers\\tests.controller.js","statementMap":{"0":{"start":{"line":1,"column":40},"end":{"line":1,"column":62}},"1":{"start":{"line":3,"column":0},"end":{"line":8,"column":2}},"2":{"start":{"line":4,"column":2},"end":{"line":7,"column":30}},"3":{"start":{"line":5,"column":18},"end":{"line":5,"column":31}},"4":{"start":{"line":6,"column":4},"end":{"line":6,"column":20}},"5":{"start":{"line":7,"column":18},"end":{"line":7,"column":28}},"6":{"start":{"line":10,"column":0},"end":{"line":15,"column":2}},"7":{"start":{"line":11,"column":2},"end":{"line":14,"column":30}},"8":{"start":{"line":12,"column":17},"end":{"line":12,"column":33}},"9":{"start":{"line":13,"column":4},"end":{"line":13,"column":19}},"10":{"start":{"line":14,"column":18},"end":{"line":14,"column":28}}},"fnMap":{"0":{"name":"(anonymous_0)","decl":{"start":{"line":3,"column":19},"end":{"line":3,"column":20}},"loc":{"start":{"line":3,"column":45},"end":{"line":8,"column":1}},"line":3},"1":{"name":"(anonymous_1)","decl":{"start":{"line":10,"column":22},"end":{"line":10,"column":23}},"loc":{"start":{"line":10,"column":48},"end":{"line":15,"column":1}},"line":10}},"branchMap":{},"s":{"0":5,"1":5,"2":3,"3":3,"4":3,"5":0,"6":5,"7":0,"8":0,"9":0,"10":0},"f":{"0":3,"1":0},"b":{},"_coverageSchema":"1a1c01bbd47fc00a2c39e90264f33305004495a9","hash":"df779e06a674845c497367bfedc124287b66ff49"}
,"D:\\LabDash\\backend\\middleware\\auth.js": {"path":"D:\\LabDash\\backend\\middleware\\auth.js","statementMap":{"0":{"start":{"line":2,"column":17},"end":{"line":2,"column":46}},"1":{"start":{"line":5,"column":0},"end":{"line":29,"column":2}},"2":{"start":{"line":6,"column":2},"end":{"line":28,"column":3}},"3":{"start":{"line":7,"column":23},"end":{"line":7,"column":48}},"4":{"start":{"line":9,"column":4},"end":{"line":11,"column":5}},"5":{"start":{"line":10,"column":6},"end":{"line":10,"column":80}},"6":{"start":{"line":13,"column":18},"end":{"line":13,"column":42}},"7":{"start":{"line":16,"column":38},"end":{"line":16,"column":72}},"8":{"start":{"line":18,"column":4},"end":{"line":20,"column":5}},"9":{"start":{"line":19,"column":6},"end":{"line":19,"column":73}},"10":{"start":{"line":23,"column":4},"end":{"line":23,"column":20}},"11":{"start":{"line":24,"column":4},"end":{"line":24,"column":11}},"12":{"start":{"line":26,"column":4},"end":{"line":26,"column":49}},"13":{"start":{"line":27,"column":4},"end":{"line":27,"column":61}},"14":{"start":{"line":32,"column":0},"end":{"line":45,"column":2}},"15":{"start":{"line":33,"column":2},"end":{"line":35,"column":3}},"16":{"start":{"line":34,"column":4},"end":{"line":34,"column":70}},"17":{"start":{"line":38,"column":18},"end":{"line":38,"column":58}},"18":{"start":{"line":40,"column":2},"end":{"line":42,"column":3}},"19":{"start":{"line":41,"column":4},"end":{"line":41,"column":68}},"20":{"start":{"line":44,"column":2},"end":{"line":44,"column":9}}},"fnMap":{"0":{"name":"(anonymous_0)","decl":{"start":{"line":5,"column":27},"end":{"line":5,"column":28}},"loc":{"start":{"line":5,"column":53},"end":{"line":29,"column":1}},"line":5},"1":{"name":"(anonymous_1)","decl":{"start":{"line":32,"column":23},"end":{"line":32,"column":24}},"loc":{"start":{"line":32,"column":43},"end":{"line":45,"column":1}},"line":32}},"branchMap":{"0":{"loc":{"start":{"line":9,"column":4},"end":{"line":11,"column":5}},"type":"if","locations":[{"start":{"line":9,"column":4},"end":{"line":11,"column":5}},{"start":{},"end":{}}],"line":9},"1":{"loc":{"start":{"line":9,"column":8},"end":{"line":9,"column":56}},"type":"binary-expr","locations":[{"start":{"line":9,"column":8},"end":{"line":9,"column":19}},{"start":{"line":9,"column":23},"end":{"line":9,"column":56}}],"line":9},"2":{"loc":{"start":{"line":18,"column":4},"end":{"line":20,"column":5}},"type":"if","locations":[{"start":{"line":18,"column":4},"end":{"line":20,"column":5}},{"start":{},"end":{}}],"line":18},"3":{"loc":{"start":{"line":18,"column":8},"end":{"line":18,"column":22}},"type":"binary-expr","locations":[{"start":{"line":18,"column":8},"end":{"line":18,"column":13}},{"start":{"line":18,"column":17},"end":{"line":18,"column":22}}],"line":18},"4":{"loc":{"start":{"line":33,"column":2},"end":{"line":35,"column":3}},"type":"if","locations":[{"start":{"line":33,"column":2},"end":{"line":35,"column":3}},{"start":{},"end":{}}],"line":33},"5":{"loc":{"start":{"line":40,"column":2},"end":{"line":42,"column":3}},"type":"if","locations":[{"start":{"line":40,"column":2},"end":{"line":42,"column":3}},{"start":{},"end":{}}],"line":40}},"s":{"0":0,"1":0,"2":0,"3":0,"4":0,"5":0,"6":0,"7":0,"8":0,"9":0,"10":0,"11":0,"12":0,"13":0,"14":0,"15":0,"16":0,"17":0,"18":0,"19":0,"20":0},"f":{"0":0,"1":0},"b":{"0":[0,0],"1":[0,0],"2":[0,0],"3":[0,0],"4":[0,0],"5":[0,0]}}
,"D:\\LabDash\\backend\\routes\\agent.routes.js": {"path":"D:\\LabDash\\backend\\routes\\agent.routes.js","statementMap":{"0":{"start":{"line":2,"column":16},"end":{"line":2,"column":34}},"1":{"start":{"line":3,"column":15},"end":{"line":3,"column":31}},"2":{"start":{"line":4,"column":24},"end":{"line":4,"column":66}},"3":{"start":{"line":7,"column":0},"end":{"line":7,"column":56}},"4":{"start":{"line":10,"column":0},"end":{"line":10,"column":64}},"5":{"start":{"line":13,"column":0},"end":{"line":13,"column":49}},"6":{"start":{"line":15,"column":0},"end":{"line":15,"column":24}}},"fnMap":{},"branchMap":{},"s":{"0":0,"1":0,"2":0,"3":0,"4":0,"5":0,"6":0},"f":{},"b":{}}
,"D:\\LabDash\\backend\\routes\\auth.routes.js": {"path":"D:\\LabDash\\backend\\routes\\auth.routes.js","statementMap":{"0":{"start":{"line":2,"column":16},"end":{"line":2,"column":34}},"1":{"start":{"line":3,"column":15},"end":{"line":3,"column":31}},"2":{"start":{"line":4,"column":21},"end":{"line":4,"column":57}},"3":{"start":{"line":5,"column":19},"end":{"line":5,"column":53}},"4":{"start":{"line":8,"column":14},"end":{"line":8,"column":16}},"5":{"start":{"line":11,"column":0},"end":{"line":71,"column":3}},"6":{"start":{"line":12,"column":4},"end":{"line":70,"column":5}},"7":{"start":{"line":13,"column":49},"end":{"line":13,"column":57}},"8":{"start":{"line":16,"column":8},"end":{"line":21,"column":9}},"9":{"start":{"line":17,"column":12},"end":{"line":20,"column":15}},"10":{"start":{"line":24,"column":29},"end":{"line":24,"column":63}},"11":{"start":{"line":24,"column":45},"end":{"line":24,"column":62}},"12":{"start":{"line":25,"column":8},"end":{"line":30,"column":9}},"13":{"start":{"line":26,"column":12},"end":{"line":29,"column":15}},"14":{"start":{"line":33,"column":24},"end":{"line":40,"column":9}},"15":{"start":{"line":42,"column":8},"end":{"line":42,"column":28}},"16":{"start":{"line":45,"column":8},"end":{"line":47,"column":9}},"17":{"start":{"line":46,"column":12},"end":{"line":46,"column":66}},"18":{"start":{"line":50,"column":8},"end":{"line":52,"column":9}},"19":{"start":{"line":51,"column":12},"end":{"line":51,"column":62}},"20":{"start":{"line":54,"column":8},"end":{"line":63,"column":11}},"21":{"start":{"line":65,"column":8},"end":{"line":65,"column":48}},"22":{"start":{"line":66,"column":8},"end":{"line":69,"column":11}},"23":{"start":{"line":74,"column":0},"end":{"line":113,"column":3}},"24":{"start":{"line":75,"column":4},"end":{"line":112,"column":5}},"25":{"start":{"line":76,"column":36},"end":{"line":76,"column":44}},"26":{"start":{"line":79,"column":8},"end":{"line":84,"column":9}},"27":{"start":{"line":80,"column":12},"end":{"line":83,"column":15}},"28":{"start":{"line":87,"column":21},"end":{"line":87,"column":55}},"29":{"start":{"line":87,"column":37},"end":{"line":87,"column":54}},"30":{"start":{"line":88,"column":8},"end":{"line":93,"column":9}},"31":{"start":{"line":89,"column":12},"end":{"line":92,"column":15}},"32":{"start":{"line":96,"column":8},"end":{"line":105,"column":11}},"33":{"start":{"line":107,"column":8},"end":{"line":107,"column":45}},"34":{"start":{"line":108,"column":8},"end":{"line":111,"column":11}},"35":{"start":{"line":116,"column":0},"end":{"line":142,"column":3}},"36":{"start":{"line":117,"column":4},"end":{"line":141,"column":5}},"37":{"start":{"line":118,"column":62},"end":{"line":118,"column":70}},"38":{"start":{"line":121,"column":8},"end":{"line":126,"column":9}},"39":{"start":{"line":122,"column":12},"end":{"line":125,"column":15}},"40":{"start":{"line":129,"column":8},"end":{"line":129,"column":95}},"41":{"start":{"line":131,"column":8},"end":{"line":134,"column":11}},"42":{"start":{"line":136,"column":8},"end":{"line":136,"column":47}},"43":{"start":{"line":137,"column":8},"end":{"line":140,"column":11}},"44":{"start":{"line":144,"column":0},"end":{"line":144,"column":24}}},"fnMap":{"0":{"name":"(anonymous_0)","decl":{"start":{"line":11,"column":30},"end":{"line":11,"column":31}},"loc":{"start":{"line":11,"column":50},"end":{"line":71,"column":1}},"line":11},"1":{"name":"(anonymous_1)","decl":{"start":{"line":24,"column":40},"end":{"line":24,"column":41}},"loc":{"start":{"line":24,"column":45},"end":{"line":24,"column":62}},"line":24},"2":{"name":"(anonymous_2)","decl":{"start":{"line":74,"column":27},"end":{"line":74,"column":28}},"loc":{"start":{"line":74,"column":47},"end":{"line":113,"column":1}},"line":74},"3":{"name":"(anonymous_3)","decl":{"start":{"line":87,"column":32},"end":{"line":87,"column":33}},"loc":{"start":{"line":87,"column":37},"end":{"line":87,"column":54}},"line":87},"4":{"name":"(anonymous_4)","decl":{"start":{"line":116,"column":24},"end":{"line":116,"column":25}},"loc":{"start":{"line":116,"column":44},"end":{"line":142,"column":1}},"line":116}},"branchMap":{"0":{"loc":{"start":{"line":16,"column":8},"end":{"line":21,"column":9}},"type":"if","locations":[{"start":{"line":16,"column":8},"end":{"line":21,"column":9}},{"start":{},"end":{}}],"line":16},"1":{"loc":{"start":{"line":16,"column":12},"end":{"line":16,"column":40}},"type":"binary-expr","locations":[{"start":{"line":16,"column":12},"end":{"line":16,"column":17}},{"start":{"line":16,"column":21},"end":{"line":16,"column":27}},{"start":{"line":16,"column":31},"end":{"line":16,"column":40}}],"line":16},"2":{"loc":{"start":{"line":25,"column":8},"end":{"line":30,"column":9}},"type":"if","locations":[{"start":{"line":25,"column":8},"end":{"line":30,"column":9}},{"start":{},"end":{}}],"line":25},"3":{"loc":{"start":{"line":37,"column":19},"end":{"line":37,"column":30}},"type":"binary-expr","locations":[{"start":{"line":37,"column":19},"end":{"line":37,"column":24}},{"start":{"line":37,"column":28},"end":{"line":37,"column":30}}],"line":37},"4":{"loc":{"start":{"line":45,"column":8},"end":{"line":47,"column":9}},"type":"if","locations":[{"start":{"line":45,"column":8},"end":{"line":47,"column":9}},{"start":{},"end":{}}],"line":45},"5":{"loc":{"start":{"line":50,"column":8},"end":{"line":52,"column":9}},"type":"if","locations":[{"start":{"line":50,"column":8},"end":{"line":52,"column":9}},{"start":{},"end":{}}],"line":50},"6":{"loc":{"start":{"line":79,"column":8},"end":{"line":84,"column":9}},"type":"if","locations":[{"start":{"line":79,"column":8},"end":{"line":84,"column":9}},{"start":{},"end":{}}],"line":79},"7":{"loc":{"start":{"line":79,"column":12},"end":{"line":79,"column":31}},"type":"binary-expr","locations":[{"start":{"line":79,"column":12},"end":{"line":79,"column":18}},{"start":{"line":79,"column":22},"end":{"line":79,"column":31}}],"line":79},"8":{"loc":{"start":{"line":88,"column":8},"end":{"line":93,"column":9}},"type":"if","locations":[{"start":{"line":88,"column":8},"end":{"line":93,"column":9}},{"start":{},"end":{}}],"line":88},"9":{"loc":{"start":{"line":121,"column":8},"end":{"line":126,"column":9}},"type":"if","locations":[{"start":{"line":121,"column":8},"end":{"line":126,"column":9}},{"start":{},"end":{}}],"line":121},"10":{"loc":{"start":{"line":121,"column":12},"end":{"line":121,"column":39}},"type":"binary-expr","locations":[{"start":{"line":121,"column":12},"end":{"line":121,"column":17}},{"start":{"line":121,"column":21},"end":{"line":121,"column":27}},{"start":{"line":121,"column":31},"end":{"line":121,"column":39}}],"line":121}},"s":{"0":5,"1":5,"2":5,"3":5,"4":5,"5":5,"6":8,"7":8,"8":8,"9":3,"10":5,"11":10,"12":5,"13":0,"14":5,"15":5,"16":5,"17":5,"18":5,"19":5,"20":5,"21":0,"22":0,"23":5,"24":6,"25":6,"26":6,"27":3,"28":3,"29":11,"30":3,"31":1,"32":2,"33":0,"34":0,"35":5,"36":0,"37":0,"38":0,"39":0,"40":0,"41":0,"42":0,"43":0,"44":5},"f":{"0":8,"1":10,"2":6,"3":11,"4":0},"b":{"0":[3,5],"1":[8,7,6],"2":[0,5],"3":[5,0],"4":[5,0],"5":[5,0],"6":[3,3],"7":[6,4],"8":[1,2],"9":[0,0],"10":[0,0,0]},"_coverageSchema":"1a1c01bbd47fc00a2c39e90264f33305004495a9","hash":"e0fb242475210f1bd4de88648638f56cc2d810c4"}
,"D:\\LabDash\\backend\\routes\\health.routes.js": {"path":"D:\\LabDash\\backend\\routes\\health.routes.js","statementMap":{"0":{"start":{"line":2,"column":16},"end":{"line":2,"column":34}},"1":{"start":{"line":3,"column":15},"end":{"line":3,"column":31}},"2":{"start":{"line":5,"column":0},"end":{"line":5,"column":64}},"3":{"start":{"line":5,"column":36},"end":{"line":5,"column":62}},"4":{"start":{"line":7,"column":0},"end":{"line":7,"column":24}}},"fnMap":{"0":{"name":"(anonymous_0)","decl":{"start":{"line":5,"column":22},"end":{"line":5,"column":23}},"loc":{"start":{"line":5,"column":36},"end":{"line":5,"column":62}},"line":5}},"branchMap":{},"s":{"0":5,"1":5,"2":5,"3":12,"4":5},"f":{"0":12},"b":{},"_coverageSchema":"1a1c01bbd47fc00a2c39e90264f33305004495a9","hash":"861ffc4ea11e08bf43168316eceff0be8c2c3466"}
,"D:\\LabDash\\backend\\routes\\orders.routes.js": {"path":"D:\\LabDash\\backend\\routes\\orders.routes.js","statementMap":{"0":{"start":{"line":2,"column":16},"end":{"line":2,"column":34}},"1":{"start":{"line":3,"column":15},"end":{"line":3,"column":31}},"2":{"start":{"line":4,"column":25},"end":{"line":4,"column":68}},"3":{"start":{"line":6,"column":0},"end":{"line":6,"column":51}},"4":{"start":{"line":7,"column":0},"end":{"line":7,"column":53}},"5":{"start":{"line":9,"column":0},"end":{"line":9,"column":24}}},"fnMap":{},"branchMap":{},"s":{"0":5,"1":5,"2":5,"3":5,"4":5,"5":5},"f":{},"b":{},"_coverageSchema":"1a1c01bbd47fc00a2c39e90264f33305004495a9","hash":"8c6e1dff0d14b12f4720cd9858c02a6d87ef4f30"}
,"D:\\LabDash\\backend\\routes\\payments.routes.js": {"path":"D:\\LabDash\\backend\\routes\\payments.routes.js","statementMap":{"0":{"start":{"line":2,"column":16},"end":{"line":2,"column":34}},"1":{"start":{"line":3,"column":15},"end":{"line":3,"column":31}},"2":{"start":{"line":4,"column":27},"end":{"line":4,"column":72}},"3":{"start":{"line":7,"column":0},"end":{"line":7,"column":70}},"4":{"start":{"line":10,"column":0},"end":{"line":10,"column":66}},"5":{"start":{"line":13,"column":0},"end":{"line":13,"column":61}},"6":{"start":{"line":16,"column":0},"end":{"line":16,"column":74}},"7":{"start":{"line":18,"column":0},"end":{"line":18,"column":24}}},"fnMap":{},"branchMap":{},"s":{"0":5,"1":5,"2":5,"3":5,"4":5,"5":5,"6":5,"7":5},"f":{},"b":{},"_coverageSchema":"1a1c01bbd47fc00a2c39e90264f33305004495a9","hash":"4190bbefaaff1a53bd8ff61aaa843b132b5add02"}
,"D:\\LabDash\\backend\\routes\\tests.routes.js": {"path":"D:\\LabDash\\backend\\routes\\tests.routes.js","statementMap":{"0":{"start":{"line":2,"column":16},"end":{"line":2,"column":34}},"1":{"start":{"line":3,"column":15},"end":{"line":3,"column":31}},"2":{"start":{"line":4,"column":24},"end":{"line":4,"column":66}},"3":{"start":{"line":6,"column":0},"end":{"line":6,"column":47}},"4":{"start":{"line":7,"column":0},"end":{"line":7,"column":53}},"5":{"start":{"line":9,"column":0},"end":{"line":9,"column":24}}},"fnMap":{},"branchMap":{},"s":{"0":5,"1":5,"2":5,"3":5,"4":5,"5":5},"f":{},"b":{},"_coverageSchema":"1a1c01bbd47fc00a2c39e90264f33305004495a9","hash":"fd925973a91508c078fb63f4a30c3bec1da8a753"}
,"D:\\LabDash\\backend\\services\\email.service.js": {"path":"D:\\LabDash\\backend\\services\\email.service.js","statementMap":{"0":{"start":{"line":2,"column":19},"end":{"line":2,"column":40}},"1":{"start":{"line":7,"column":8},"end":{"line":21,"column":9}},"2":{"start":{"line":8,"column":12},"end":{"line":10,"column":14}},"3":{"start":{"line":9,"column":39},"end":{"line":9,"column":69}},"4":{"start":{"line":12,"column":12},"end":{"line":20,"column":15}},"5":{"start":{"line":25,"column":28},"end":{"line":83,"column":9}},"6":{"start":{"line":85,"column":8},"end":{"line":92,"column":9}},"7":{"start":{"line":86,"column":12},"end":{"line":86,"column":57}},"8":{"start":{"line":87,"column":12},"end":{"line":87,"column":62}},"9":{"start":{"line":88,"column":12},"end":{"line":88,"column":37}},"10":{"start":{"line":90,"column":12},"end":{"line":90,"column":54}},"11":{"start":{"line":91,"column":12},"end":{"line":91,"column":60}},"12":{"start":{"line":96,"column":28},"end":{"line":139,"column":9}},"13":{"start":{"line":124,"column":65},"end":{"line":129,"column":33}},"14":{"start":{"line":141,"column":8},"end":{"line":147,"column":9}},"15":{"start":{"line":142,"column":12},"end":{"line":142,"column":57}},"16":{"start":{"line":143,"column":12},"end":{"line":143,"column":37}},"17":{"start":{"line":145,"column":12},"end":{"line":145,"column":55}},"18":{"start":{"line":146,"column":12},"end":{"line":146,"column":60}},"19":{"start":{"line":151,"column":28},"end":{"line":184,"column":9}},"20":{"start":{"line":186,"column":8},"end":{"line":192,"column":9}},"21":{"start":{"line":187,"column":12},"end":{"line":187,"column":57}},"22":{"start":{"line":188,"column":12},"end":{"line":188,"column":37}},"23":{"start":{"line":190,"column":12},"end":{"line":190,"column":56}},"24":{"start":{"line":191,"column":12},"end":{"line":191,"column":60}},"25":{"start":{"line":196,"column":0},"end":{"line":196,"column":36}}},"fnMap":{"0":{"name":"(anonymous_0)","decl":{"start":{"line":5,"column":4},"end":{"line":5,"column":5}},"loc":{"start":{"line":5,"column":18},"end":{"line":22,"column":5}},"line":5},"1":{"name":"(anonymous_1)","decl":{"start":{"line":9,"column":26},"end":{"line":9,"column":27}},"loc":{"start":{"line":9,"column":39},"end":{"line":9,"column":69}},"line":9},"2":{"name":"(anonymous_2)","decl":{"start":{"line":24,"column":4},"end":{"line":24,"column":5}},"loc":{"start":{"line":24,"column":62},"end":{"line":93,"column":5}},"line":24},"3":{"name":"(anonymous_3)","decl":{"start":{"line":95,"column":4},"end":{"line":95,"column":5}},"loc":{"start":{"line":95,"column":57},"end":{"line":148,"column":5}},"line":95},"4":{"name":"(anonymous_4)","decl":{"start":{"line":124,"column":57},"end":{"line":124,"column":58}},"loc":{"start":{"line":124,"column":65},"end":{"line":129,"column":33}},"line":124},"5":{"name":"(anonymous_5)","decl":{"start":{"line":150,"column":4},"end":{"line":150,"column":5}},"loc":{"start":{"line":150,"column":52},"end":{"line":193,"column":5}},"line":150}},"branchMap":{"0":{"loc":{"start":{"line":7,"column":8},"end":{"line":21,"column":9}},"type":"if","locations":[{"start":{"line":7,"column":8},"end":{"line":21,"column":9}},{"start":{"line":11,"column":15},"end":{"line":21,"column":9}}],"line":7},"1":{"loc":{"start":{"line":13,"column":22},"end":{"line":13,"column":63}},"type":"binary-expr","locations":[{"start":{"line":13,"column":22},"end":{"line":13,"column":43}},{"start":{"line":13,"column":47},"end":{"line":13,"column":63}}],"line":13},"2":{"loc":{"start":{"line":14,"column":22},"end":{"line":14,"column":50}},"type":"binary-expr","locations":[{"start":{"line":14,"column":22},"end":{"line":14,"column":43}},{"start":{"line":14,"column":47},"end":{"line":14,"column":50}}],"line":14}},"s":{"0":5,"1":5,"2":5,"3":5,"4":0,"5":5,"6":5,"7":5,"8":5,"9":5,"10":0,"11":0,"12":0,"13":0,"14":0,"15":0,"16":0,"17":0,"18":0,"19":0,"20":0,"21":0,"22":0,"23":0,"24":0,"25":5},"f":{"0":5,"1":5,"2":5,"3":0,"4":0,"5":0},"b":{"0":[5,0],"1":[0,0],"2":[0,0]},"_coverageSchema":"1a1c01bbd47fc00a2c39e90264f33305004495a9","hash":"72bf63def3de1ffbcb56c8603b28f77317369c8a"}
,"D:\\LabDash\\backend\\services\\sms.service.js": {"path":"D:\\LabDash\\backend\\services\\sms.service.js","statementMap":{"0":{"start":{"line":2,"column":15},"end":{"line":2,"column":32}},"1":{"start":{"line":7,"column":8},"end":{"line":20,"column":9}},"2":{"start":{"line":8,"column":12},"end":{"line":12,"column":14}},"3":{"start":{"line":10,"column":41},"end":{"line":10,"column":80}},"4":{"start":{"line":13,"column":12},"end":{"line":13,"column":44}},"5":{"start":{"line":15,"column":12},"end":{"line":18,"column":14}},"6":{"start":{"line":19,"column":12},"end":{"line":19,"column":62}},"7":{"start":{"line":24,"column":24},"end":{"line":24,"column":219}},"8":{"start":{"line":26,"column":8},"end":{"line":37,"column":9}},"9":{"start":{"line":27,"column":27},"end":{"line":31,"column":14}},"10":{"start":{"line":32,"column":12},"end":{"line":32,"column":62}},"11":{"start":{"line":33,"column":12},"end":{"line":33,"column":60}},"12":{"start":{"line":35,"column":12},"end":{"line":35,"column":52}},"13":{"start":{"line":36,"column":12},"end":{"line":36,"column":60}},"14":{"start":{"line":41,"column":24},"end":{"line":41,"column":122}},"15":{"start":{"line":43,"column":8},"end":{"line":53,"column":9}},"16":{"start":{"line":44,"column":27},"end":{"line":48,"column":14}},"17":{"start":{"line":49,"column":12},"end":{"line":49,"column":60}},"18":{"start":{"line":51,"column":12},"end":{"line":51,"column":51}},"19":{"start":{"line":52,"column":12},"end":{"line":52,"column":60}},"20":{"start":{"line":57,"column":24},"end":{"line":57,"column":161}},"21":{"start":{"line":59,"column":8},"end":{"line":69,"column":9}},"22":{"start":{"line":60,"column":27},"end":{"line":64,"column":14}},"23":{"start":{"line":65,"column":12},"end":{"line":65,"column":60}},"24":{"start":{"line":67,"column":12},"end":{"line":67,"column":53}},"25":{"start":{"line":68,"column":12},"end":{"line":68,"column":60}},"26":{"start":{"line":73,"column":24},"end":{"line":73,"column":138}},"27":{"start":{"line":75,"column":8},"end":{"line":85,"column":9}},"28":{"start":{"line":76,"column":27},"end":{"line":80,"column":14}},"29":{"start":{"line":81,"column":12},"end":{"line":81,"column":60}},"30":{"start":{"line":83,"column":12},"end":{"line":83,"column":54}},"31":{"start":{"line":84,"column":12},"end":{"line":84,"column":60}},"32":{"start":{"line":89,"column":31},"end":{"line":93,"column":9}},"33":{"start":{"line":95,"column":24},"end":{"line":95,"column":128}},"34":{"start":{"line":97,"column":8},"end":{"line":107,"column":9}},"35":{"start":{"line":98,"column":27},"end":{"line":102,"column":14}},"36":{"start":{"line":103,"column":12},"end":{"line":103,"column":60}},"37":{"start":{"line":105,"column":12},"end":{"line":105,"column":56}},"38":{"start":{"line":106,"column":12},"end":{"line":106,"column":60}},"39":{"start":{"line":111,"column":0},"end":{"line":111,"column":34}}},"fnMap":{"0":{"name":"(anonymous_0)","decl":{"start":{"line":5,"column":4},"end":{"line":5,"column":5}},"loc":{"start":{"line":5,"column":18},"end":{"line":21,"column":5}},"line":5},"1":{"name":"(anonymous_1)","decl":{"start":{"line":10,"column":28},"end":{"line":10,"column":29}},"loc":{"start":{"line":10,"column":41},"end":{"line":10,"column":80}},"line":10},"2":{"name":"(anonymous_2)","decl":{"start":{"line":23,"column":4},"end":{"line":23,"column":5}},"loc":{"start":{"line":23,"column":62},"end":{"line":38,"column":5}},"line":23},"3":{"name":"(anonymous_3)","decl":{"start":{"line":40,"column":4},"end":{"line":40,"column":5}},"loc":{"start":{"line":40,"column":36},"end":{"line":54,"column":5}},"line":40},"4":{"name":"(anonymous_4)","decl":{"start":{"line":56,"column":4},"end":{"line":56,"column":5}},"loc":{"start":{"line":56,"column":61},"end":{"line":70,"column":5}},"line":56},"5":{"name":"(anonymous_5)","decl":{"start":{"line":72,"column":4},"end":{"line":72,"column":5}},"loc":{"start":{"line":72,"column":59},"end":{"line":86,"column":5}},"line":72},"6":{"name":"(anonymous_6)","decl":{"start":{"line":88,"column":4},"end":{"line":88,"column":5}},"loc":{"start":{"line":88,"column":59},"end":{"line":108,"column":5}},"line":88}},"branchMap":{"0":{"loc":{"start":{"line":7,"column":8},"end":{"line":20,"column":9}},"type":"if","locations":[{"start":{"line":7,"column":8},"end":{"line":20,"column":9}},{"start":{"line":14,"column":15},"end":{"line":20,"column":9}}],"line":7}},"s":{"0":5,"1":5,"2":5,"3":5,"4":5,"5":0,"6":0,"7":5,"8":5,"9":5,"10":5,"11":5,"12":0,"13":0,"14":0,"15":0,"16":0,"17":0,"18":0,"19":0,"20":0,"21":0,"22":0,"23":0,"24":0,"25":0,"26":0,"27":0,"28":0,"29":0,"30":0,"31":0,"32":0,"33":0,"34":0,"35":0,"36":0,"37":0,"38":0,"39":5},"f":{"0":5,"1":5,"2":5,"3":0,"4":0,"5":0,"6":0},"b":{"0":[5,0]},"_coverageSchema":"1a1c01bbd47fc00a2c39e90264f33305004495a9","hash":"83918701bf3afec01d12e19bd9393dee51d0f6f6"}
,"D:\\LabDash\\backend\\src\\app.js": {"path":"D:\\LabDash\\backend\\src\\app.js","statementMap":{"0":{"start":{"line":2,"column":16},"end":{"line":2,"column":34}},"1":{"start":{"line":3,"column":13},"end":{"line":3,"column":28}},"2":{"start":{"line":4,"column":13},"end":{"line":4,"column":28}},"3":{"start":{"line":5,"column":20},"end":{"line":5,"column":42}},"4":{"start":{"line":6,"column":15},"end":{"line":6,"column":32}},"5":{"start":{"line":7,"column":15},"end":{"line":7,"column":32}},"6":{"start":{"line":8,"column":18},"end":{"line":8,"column":47}},"7":{"start":{"line":10,"column":21},"end":{"line":10,"column":55}},"8":{"start":{"line":11,"column":20},"end":{"line":11,"column":53}},"9":{"start":{"line":12,"column":21},"end":{"line":12,"column":55}},"10":{"start":{"line":13,"column":23},"end":{"line":13,"column":59}},"11":{"start":{"line":14,"column":19},"end":{"line":14,"column":51}},"12":{"start":{"line":16,"column":12},"end":{"line":16,"column":21}},"13":{"start":{"line":19,"column":0},"end":{"line":19,"column":18}},"14":{"start":{"line":20,"column":0},"end":{"line":20,"column":28}},"15":{"start":{"line":23,"column":16},"end":{"line":27,"column":2}},"16":{"start":{"line":28,"column":0},"end":{"line":28,"column":26}},"17":{"start":{"line":31,"column":0},"end":{"line":34,"column":4}},"18":{"start":{"line":37,"column":0},"end":{"line":37,"column":41}},"19":{"start":{"line":38,"column":0},"end":{"line":38,"column":63}},"20":{"start":{"line":41,"column":0},"end":{"line":41,"column":23}},"21":{"start":{"line":42,"column":0},"end":{"line":42,"column":23}},"22":{"start":{"line":45,"column":0},"end":{"line":45,"column":63}},"23":{"start":{"line":48,"column":0},"end":{"line":48,"column":89}},"24":{"start":{"line":48,"column":25},"end":{"line":48,"column":87}},"25":{"start":{"line":49,"column":0},"end":{"line":53,"column":4}},"26":{"start":{"line":49,"column":28},"end":{"line":53,"column":2}},"27":{"start":{"line":56,"column":0},"end":{"line":56,"column":30}},"28":{"start":{"line":57,"column":0},"end":{"line":57,"column":29}},"29":{"start":{"line":58,"column":0},"end":{"line":58,"column":30}},"30":{"start":{"line":59,"column":0},"end":{"line":59,"column":32}},"31":{"start":{"line":60,"column":0},"end":{"line":60,"column":28}},"32":{"start":{"line":63,"column":0},"end":{"line":63,"column":68}},"33":{"start":{"line":63,"column":22},"end":{"line":63,"column":66}},"34":{"start":{"line":66,"column":0},"end":{"line":72,"column":3}},"35":{"start":{"line":67,"column":4},"end":{"line":67,"column":43}},"36":{"start":{"line":68,"column":4},"end":{"line":71,"column":7}},"37":{"start":{"line":74,"column":0},"end":{"line":74,"column":21}}},"fnMap":{"0":{"name":"(anonymous_0)","decl":{"start":{"line":48,"column":13},"end":{"line":48,"column":14}},"loc":{"start":{"line":48,"column":25},"end":{"line":48,"column":87}},"line":48},"1":{"name":"(anonymous_1)","decl":{"start":{"line":49,"column":16},"end":{"line":49,"column":17}},"loc":{"start":{"line":49,"column":28},"end":{"line":53,"column":2}},"line":49},"2":{"name":"(anonymous_2)","decl":{"start":{"line":63,"column":8},"end":{"line":63,"column":9}},"loc":{"start":{"line":63,"column":22},"end":{"line":63,"column":66}},"line":63},"3":{"name":"(anonymous_3)","decl":{"start":{"line":66,"column":8},"end":{"line":66,"column":9}},"loc":{"start":{"line":66,"column":33},"end":{"line":72,"column":1}},"line":66}},"branchMap":{"0":{"loc":{"start":{"line":32,"column":12},"end":{"line":32,"column":43}},"type":"binary-expr","locations":[{"start":{"line":32,"column":12},"end":{"line":32,"column":36}},{"start":{"line":32,"column":40},"end":{"line":32,"column":43}}],"line":32},"1":{"loc":{"start":{"line":70,"column":17},"end":{"line":70,"column":95}},"type":"cond-expr","locations":[{"start":{"line":70,"column":58},"end":{"line":70,"column":69}},{"start":{"line":70,"column":72},"end":{"line":70,"column":95}}],"line":70}},"s":{"0":5,"1":5,"2":5,"3":5,"4":5,"5":5,"6":5,"7":5,"8":5,"9":5,"10":5,"11":5,"12":5,"13":5,"14":5,"15":5,"16":5,"17":5,"18":5,"19":5,"20":5,"21":5,"22":5,"23":5,"24":0,"25":5,"26":2,"27":5,"28":5,"29":5,"30":5,"31":5,"32":5,"33":7,"34":5,"35":7,"36":7,"37":5},"f":{"0":0,"1":2,"2":7,"3":7},"b":{"0":[5,5],"1":[0,7]},"_coverageSchema":"1a1c01bbd47fc00a2c39e90264f33305004495a9","hash":"9ebf48457bf093e47b83e088394f42776aa885f4"}
,"D:\\LabDash\\backend\\src\\index.js": {"path":"D:\\LabDash\\backend\\src\\index.js","statementMap":{"0":{"start":{"line":2,"column":0},"end":{"line":2,"column":27}},"1":{"start":{"line":3,"column":13},"end":{"line":3,"column":28}},"2":{"start":{"line":4,"column":12},"end":{"line":4,"column":28}},"3":{"start":{"line":6,"column":13},"end":{"line":6,"column":37}},"4":{"start":{"line":7,"column":13},"end":{"line":7,"column":42}},"5":{"start":{"line":9,"column":15},"end":{"line":9,"column":37}},"6":{"start":{"line":10,"column":0},"end":{"line":10,"column":32}},"7":{"start":{"line":11,"column":0},"end":{"line":11,"column":30}},"8":{"start":{"line":13,"column":0},"end":{"line":15,"column":3}},"9":{"start":{"line":14,"column":2},"end":{"line":14,"column":57}},"10":{"start":{"line":17,"column":0},"end":{"line":17,"column":78}},"11":{"start":{"line":17,"column":38},"end":{"line":17,"column":76}},"12":{"start":{"line":18,"column":0},"end":{"line":18,"column":76}},"13":{"start":{"line":18,"column":37},"end":{"line":18,"column":74}}},"fnMap":{"0":{"name":"(anonymous_0)","decl":{"start":{"line":13,"column":26},"end":{"line":13,"column":27}},"loc":{"start":{"line":13,"column":32},"end":{"line":15,"column":1}},"line":13},"1":{"name":"(anonymous_1)","decl":{"start":{"line":17,"column":33},"end":{"line":17,"column":34}},"loc":{"start":{"line":17,"column":38},"end":{"line":17,"column":76}},"line":17},"2":{"name":"(anonymous_2)","decl":{"start":{"line":18,"column":32},"end":{"line":18,"column":33}},"loc":{"start":{"line":18,"column":37},"end":{"line":18,"column":74}},"line":18}},"branchMap":{"0":{"loc":{"start":{"line":6,"column":13},"end":{"line":6,"column":37}},"type":"binary-expr","locations":[{"start":{"line":6,"column":13},"end":{"line":6,"column":29}},{"start":{"line":6,"column":33},"end":{"line":6,"column":37}}],"line":6},"1":{"loc":{"start":{"line":7,"column":13},"end":{"line":7,"column":42}},"type":"binary-expr","locations":[{"start":{"line":7,"column":13},"end":{"line":7,"column":29}},{"start":{"line":7,"column":33},"end":{"line":7,"column":42}}],"line":7}},"s":{"0":0,"1":0,"2":0,"3":0,"4":0,"5":0,"6":0,"7":0,"8":0,"9":0,"10":0,"11":0,"12":0,"13":0},"f":{"0":0,"1":0,"2":0},"b":{"0":[0,0],"1":[0,0]}}
}
