{"/home/runner/work/Medz/Medz/backend/controllers/admin.controller.js": {"path":"/home/runner/work/Medz/Medz/backend/controllers/admin.controller.js","statementMap":{"0":{"start":{"line":4,"column":20},"end":{"line":32,"column":1}},"1":{"start":{"line":34,"column":17},"end":{"line":65,"column":1}},"2":{"start":{"line":67,"column":19},"end":{"line":103,"column":1}},"3":{"start":{"line":105,"column":25},"end":{"line":141,"column":1}},"4":{"start":{"line":143,"column":22},"end":{"line":179,"column":1}},"5":{"start":{"line":182,"column":0},"end":{"line":213,"column":2}},"6":{"start":{"line":183,"column":4},"end":{"line":212,"column":5}},"7":{"start":{"line":185,"column":31},"end":{"line":185,"column":51}},"8":{"start":{"line":186,"column":28},"end":{"line":186,"column":45}},"9":{"start":{"line":187,"column":30},"end":{"line":187,"column":91}},"10":{"start":{"line":187,"column":65},"end":{"line":187,"column":87}},"11":{"start":{"line":188,"column":29},"end":{"line":191,"column":87}},"12":{"start":{"line":188,"column":63},"end":{"line":188,"column":81}},"13":{"start":{"line":189,"column":62},"end":{"line":189,"column":80}},"14":{"start":{"line":190,"column":68},"end":{"line":190,"column":86}},"15":{"start":{"line":191,"column":65},"end":{"line":191,"column":83}},"16":{"start":{"line":194,"column":29},"end":{"line":194,"column":60}},"17":{"start":{"line":196,"column":8},"end":{"line":205,"column":11}},"18":{"start":{"line":207,"column":8},"end":{"line":207,"column":49}},"19":{"start":{"line":208,"column":8},"end":{"line":211,"column":11}},"20":{"start":{"line":216,"column":0},"end":{"line":229,"column":2}},"21":{"start":{"line":217,"column":4},"end":{"line":228,"column":5}},"22":{"start":{"line":218,"column":8},"end":{"line":221,"column":11}},"23":{"start":{"line":223,"column":8},"end":{"line":223,"column":49}},"24":{"start":{"line":224,"column":8},"end":{"line":227,"column":11}},"25":{"start":{"line":232,"column":0},"end":{"line":245,"column":2}},"26":{"start":{"line":233,"column":4},"end":{"line":244,"column":5}},"27":{"start":{"line":234,"column":8},"end":{"line":237,"column":11}},"28":{"start":{"line":239,"column":8},"end":{"line":239,"column":46}},"29":{"start":{"line":240,"column":8},"end":{"line":243,"column":11}},"30":{"start":{"line":248,"column":0},"end":{"line":274,"column":2}},"31":{"start":{"line":249,"column":4},"end":{"line":273,"column":5}},"32":{"start":{"line":251,"column":22},"end":{"line":260,"column":9}},"33":{"start":{"line":252,"column":49},"end":{"line":252,"column":76}},"34":{"start":{"line":253,"column":36},"end":{"line":253,"column":55}},"35":{"start":{"line":254,"column":53},"end":{"line":254,"column":84}},"36":{"start":{"line":255,"column":36},"end":{"line":255,"column":55}},"37":{"start":{"line":256,"column":51},"end":{"line":256,"column":80}},"38":{"start":{"line":257,"column":36},"end":{"line":257,"column":55}},"39":{"start":{"line":258,"column":51},"end":{"line":258,"column":75}},"40":{"start":{"line":259,"column":36},"end":{"line":259,"column":55}},"41":{"start":{"line":262,"column":8},"end":{"line":266,"column":11}},"42":{"start":{"line":268,"column":8},"end":{"line":268,"column":49}},"43":{"start":{"line":269,"column":8},"end":{"line":272,"column":11}},"44":{"start":{"line":277,"column":0},"end":{"line":290,"column":2}},"45":{"start":{"line":278,"column":4},"end":{"line":289,"column":5}},"46":{"start":{"line":279,"column":8},"end":{"line":282,"column":11}},"47":{"start":{"line":284,"column":8},"end":{"line":284,"column":55}},"48":{"start":{"line":285,"column":8},"end":{"line":288,"column":11}},"49":{"start":{"line":293,"column":0},"end":{"line":306,"column":2}},"50":{"start":{"line":294,"column":4},"end":{"line":305,"column":5}},"51":{"start":{"line":295,"column":8},"end":{"line":298,"column":11}},"52":{"start":{"line":300,"column":8},"end":{"line":300,"column":52}},"53":{"start":{"line":301,"column":8},"end":{"line":304,"column":11}},"54":{"start":{"line":309,"column":0},"end":{"line":338,"column":2}},"55":{"start":{"line":310,"column":4},"end":{"line":337,"column":5}},"56":{"start":{"line":311,"column":66},"end":{"line":311,"column":74}},"57":{"start":{"line":313,"column":25},"end":{"line":322,"column":9}},"58":{"start":{"line":324,"column":8},"end":{"line":324,"column":34}},"59":{"start":{"line":326,"column":8},"end":{"line":330,"column":11}},"60":{"start":{"line":332,"column":8},"end":{"line":332,"column":49}},"61":{"start":{"line":333,"column":8},"end":{"line":336,"column":11}},"62":{"start":{"line":341,"column":0},"end":{"line":369,"column":2}},"63":{"start":{"line":342,"column":4},"end":{"line":368,"column":5}},"64":{"start":{"line":343,"column":28},"end":{"line":343,"column":38}},"65":{"start":{"line":344,"column":27},"end":{"line":344,"column":35}},"66":{"start":{"line":346,"column":27},"end":{"line":346,"column":70}},"67":{"start":{"line":346,"column":53},"end":{"line":346,"column":69}},"68":{"start":{"line":348,"column":8},"end":{"line":353,"column":9}},"69":{"start":{"line":349,"column":12},"end":{"line":352,"column":15}},"70":{"start":{"line":355,"column":8},"end":{"line":355,"column":47}},"71":{"start":{"line":357,"column":8},"end":{"line":361,"column":11}},"72":{"start":{"line":363,"column":8},"end":{"line":363,"column":52}},"73":{"start":{"line":364,"column":8},"end":{"line":367,"column":11}}},"fnMap":{"0":{"name":"(anonymous_0)","decl":{"start":{"line":182,"column":23},"end":{"line":182,"column":24}},"loc":{"start":{"line":182,"column":43},"end":{"line":213,"column":1}},"line":182},"1":{"name":"(anonymous_1)","decl":{"start":{"line":187,"column":50},"end":{"line":187,"column":51}},"loc":{"start":{"line":187,"column":65},"end":{"line":187,"column":87}},"line":187},"2":{"name":"(anonymous_2)","decl":{"start":{"line":188,"column":47},"end":{"line":188,"column":48}},"loc":{"start":{"line":188,"column":63},"end":{"line":188,"column":81}},"line":188},"3":{"name":"(anonymous_3)","decl":{"start":{"line":189,"column":47},"end":{"line":189,"column":48}},"loc":{"start":{"line":189,"column":62},"end":{"line":189,"column":80}},"line":189},"4":{"name":"(anonymous_4)","decl":{"start":{"line":190,"column":53},"end":{"line":190,"column":54}},"loc":{"start":{"line":190,"column":68},"end":{"line":190,"column":86}},"line":190},"5":{"name":"(anonymous_5)","decl":{"start":{"line":191,"column":50},"end":{"line":191,"column":51}},"loc":{"start":{"line":191,"column":65},"end":{"line":191,"column":83}},"line":191},"6":{"name":"(anonymous_6)","decl":{"start":{"line":216,"column":23},"end":{"line":216,"column":24}},"loc":{"start":{"line":216,"column":43},"end":{"line":229,"column":1}},"line":216},"7":{"name":"(anonymous_7)","decl":{"start":{"line":232,"column":20},"end":{"line":232,"column":21}},"loc":{"start":{"line":232,"column":40},"end":{"line":245,"column":1}},"line":232},"8":{"name":"(anonymous_8)","decl":{"start":{"line":248,"column":22},"end":{"line":248,"column":23}},"loc":{"start":{"line":248,"column":42},"end":{"line":274,"column":1}},"line":248},"9":{"name":"(anonymous_9)","decl":{"start":{"line":252,"column":44},"end":{"line":252,"column":45}},"loc":{"start":{"line":252,"column":49},"end":{"line":252,"column":76}},"line":252},"10":{"name":"(anonymous_10)","decl":{"start":{"line":253,"column":24},"end":{"line":253,"column":25}},"loc":{"start":{"line":253,"column":36},"end":{"line":253,"column":55}},"line":253},"11":{"name":"(anonymous_11)","decl":{"start":{"line":254,"column":48},"end":{"line":254,"column":49}},"loc":{"start":{"line":254,"column":53},"end":{"line":254,"column":84}},"line":254},"12":{"name":"(anonymous_12)","decl":{"start":{"line":255,"column":24},"end":{"line":255,"column":25}},"loc":{"start":{"line":255,"column":36},"end":{"line":255,"column":55}},"line":255},"13":{"name":"(anonymous_13)","decl":{"start":{"line":256,"column":46},"end":{"line":256,"column":47}},"loc":{"start":{"line":256,"column":51},"end":{"line":256,"column":80}},"line":256},"14":{"name":"(anonymous_14)","decl":{"start":{"line":257,"column":24},"end":{"line":257,"column":25}},"loc":{"start":{"line":257,"column":36},"end":{"line":257,"column":55}},"line":257},"15":{"name":"(anonymous_15)","decl":{"start":{"line":258,"column":46},"end":{"line":258,"column":47}},"loc":{"start":{"line":258,"column":51},"end":{"line":258,"column":75}},"line":258},"16":{"name":"(anonymous_16)","decl":{"start":{"line":259,"column":24},"end":{"line":259,"column":25}},"loc":{"start":{"line":259,"column":36},"end":{"line":259,"column":55}},"line":259},"17":{"name":"(anonymous_17)","decl":{"start":{"line":277,"column":28},"end":{"line":277,"column":29}},"loc":{"start":{"line":277,"column":48},"end":{"line":290,"column":1}},"line":277},"18":{"name":"(anonymous_18)","decl":{"start":{"line":293,"column":25},"end":{"line":293,"column":26}},"loc":{"start":{"line":293,"column":45},"end":{"line":306,"column":1}},"line":293},"19":{"name":"(anonymous_19)","decl":{"start":{"line":309,"column":19},"end":{"line":309,"column":20}},"loc":{"start":{"line":309,"column":39},"end":{"line":338,"column":1}},"line":309},"20":{"name":"(anonymous_20)","decl":{"start":{"line":341,"column":28},"end":{"line":341,"column":29}},"loc":{"start":{"line":341,"column":48},"end":{"line":369,"column":1}},"line":341},"21":{"name":"(anonymous_21)","decl":{"start":{"line":346,"column":48},"end":{"line":346,"column":49}},"loc":{"start":{"line":346,"column":53},"end":{"line":346,"column":69}},"line":346}},"branchMap":{"0":{"loc":{"start":{"line":348,"column":8},"end":{"line":353,"column":9}},"type":"if","locations":[{"start":{"line":348,"column":8},"end":{"line":353,"column":9}},{"start":{},"end":{}}],"line":348}},"s":{"0":0,"1":0,"2":0,"3":0,"4":0,"5":0,"6":0,"7":0,"8":0,"9":0,"10":0,"11":0,"12":0,"13":0,"14":0,"15":0,"16":0,"17":0,"18":0,"19":0,"20":0,"21":0,"22":0,"23":0,"24":0,"25":0,"26":0,"27":0,"28":0,"29":0,"30":0,"31":0,"32":0,"33":0,"34":0,"35":0,"36":0,"37":0,"38":0,"39":0,"40":0,"41":0,"42":0,"43":0,"44":0,"45":0,"46":0,"47":0,"48":0,"49":0,"50":0,"51":0,"52":0,"53":0,"54":0,"55":0,"56":0,"57":0,"58":0,"59":0,"60":0,"61":0,"62":0,"63":0,"64":0,"65":0,"66":0,"67":0,"68":0,"69":0,"70":0,"71":0,"72":0,"73":0},"f":{"0":0,"1":0,"2":0,"3":0,"4":0,"5":0,"6":0,"7":0,"8":0,"9":0,"10":0,"11":0,"12":0,"13":0,"14":0,"15":0,"16":0,"17":0,"18":0,"19":0,"20":0,"21":0},"b":{"0":[0,0]}}
,"/home/runner/work/Medz/Medz/backend/controllers/agent.controller.js": {"path":"/home/runner/work/Medz/Medz/backend/controllers/agent.controller.js","statementMap":{"0":{"start":{"line":2,"column":14},"end":{"line":2,"column":30}},"1":{"start":{"line":5,"column":24},"end":{"line":5,"column":95}},"2":{"start":{"line":8,"column":0},"end":{"line":41,"column":2}},"3":{"start":{"line":9,"column":2},"end":{"line":40,"column":3}},"4":{"start":{"line":10,"column":31},"end":{"line":10,"column":39}},"5":{"start":{"line":12,"column":4},"end":{"line":14,"column":5}},"6":{"start":{"line":13,"column":6},"end":{"line":13,"column":66}},"7":{"start":{"line":17,"column":21},"end":{"line":23,"column":6}},"8":{"start":{"line":25,"column":4},"end":{"line":28,"column":7}},"9":{"start":{"line":31,"column":4},"end":{"line":31,"column":50}},"10":{"start":{"line":33,"column":4},"end":{"line":37,"column":5}},"11":{"start":{"line":34,"column":6},"end":{"line":36,"column":9}},"12":{"start":{"line":39,"column":4},"end":{"line":39,"column":14}},"13":{"start":{"line":44,"column":0},"end":{"line":70,"column":2}},"14":{"start":{"line":45,"column":2},"end":{"line":69,"column":3}},"15":{"start":{"line":46,"column":25},"end":{"line":46,"column":33}},"16":{"start":{"line":48,"column":4},"end":{"line":50,"column":5}},"17":{"start":{"line":49,"column":6},"end":{"line":49,"column":75}},"18":{"start":{"line":53,"column":21},"end":{"line":59,"column":6}},"19":{"start":{"line":61,"column":4},"end":{"line":64,"column":7}},"20":{"start":{"line":67,"column":4},"end":{"line":67,"column":61}},"21":{"start":{"line":68,"column":4},"end":{"line":68,"column":14}},"22":{"start":{"line":73,"column":0},"end":{"line":100,"column":2}},"23":{"start":{"line":74,"column":2},"end":{"line":99,"column":3}},"24":{"start":{"line":75,"column":40},"end":{"line":75,"column":48}},"25":{"start":{"line":77,"column":4},"end":{"line":79,"column":5}},"26":{"start":{"line":78,"column":6},"end":{"line":78,"column":68}},"27":{"start":{"line":81,"column":21},"end":{"line":88,"column":6}},"28":{"start":{"line":90,"column":4},"end":{"line":94,"column":7}},"29":{"start":{"line":97,"column":4},"end":{"line":97,"column":46}},"30":{"start":{"line":98,"column":4},"end":{"line":98,"column":14}}},"fnMap":{"0":{"name":"(anonymous_0)","decl":{"start":{"line":8,"column":21},"end":{"line":8,"column":22}},"loc":{"start":{"line":8,"column":47},"end":{"line":41,"column":1}},"line":8},"1":{"name":"(anonymous_1)","decl":{"start":{"line":44,"column":25},"end":{"line":44,"column":26}},"loc":{"start":{"line":44,"column":51},"end":{"line":70,"column":1}},"line":44},"2":{"name":"(anonymous_2)","decl":{"start":{"line":73,"column":15},"end":{"line":73,"column":16}},"loc":{"start":{"line":73,"column":41},"end":{"line":100,"column":1}},"line":73}},"branchMap":{"0":{"loc":{"start":{"line":5,"column":24},"end":{"line":5,"column":95}},"type":"binary-expr","locations":[{"start":{"line":5,"column":24},"end":{"line":5,"column":51}},{"start":{"line":5,"column":55},"end":{"line":5,"column":95}}],"line":5},"1":{"loc":{"start":{"line":12,"column":4},"end":{"line":14,"column":5}},"type":"if","locations":[{"start":{"line":12,"column":4},"end":{"line":14,"column":5}},{"start":{},"end":{}}],"line":12},"2":{"loc":{"start":{"line":19,"column":15},"end":{"line":19,"column":28}},"type":"binary-expr","locations":[{"start":{"line":19,"column":15},"end":{"line":19,"column":22}},{"start":{"line":19,"column":26},"end":{"line":19,"column":28}}],"line":19},"3":{"loc":{"start":{"line":33,"column":4},"end":{"line":37,"column":5}},"type":"if","locations":[{"start":{"line":33,"column":4},"end":{"line":37,"column":5}},{"start":{},"end":{}}],"line":33},"4":{"loc":{"start":{"line":48,"column":4},"end":{"line":50,"column":5}},"type":"if","locations":[{"start":{"line":48,"column":4},"end":{"line":50,"column":5}},{"start":{},"end":{}}],"line":48},"5":{"loc":{"start":{"line":48,"column":8},"end":{"line":48,"column":45}},"type":"binary-expr","locations":[{"start":{"line":48,"column":8},"end":{"line":48,"column":17}},{"start":{"line":48,"column":21},"end":{"line":48,"column":45}}],"line":48},"6":{"loc":{"start":{"line":77,"column":4},"end":{"line":79,"column":5}},"type":"if","locations":[{"start":{"line":77,"column":4},"end":{"line":79,"column":5}},{"start":{},"end":{}}],"line":77},"7":{"loc":{"start":{"line":84,"column":22},"end":{"line":84,"column":44}},"type":"binary-expr","locations":[{"start":{"line":84,"column":22},"end":{"line":84,"column":36}},{"start":{"line":84,"column":40},"end":{"line":84,"column":44}}],"line":84}},"s":{"0":0,"1":0,"2":0,"3":0,"4":0,"5":0,"6":0,"7":0,"8":0,"9":0,"10":0,"11":0,"12":0,"13":0,"14":0,"15":0,"16":0,"17":0,"18":0,"19":0,"20":0,"21":0,"22":0,"23":0,"24":0,"25":0,"26":0,"27":0,"28":0,"29":0,"30":0},"f":{"0":0,"1":0,"2":0},"b":{"0":[0,0],"1":[0,0],"2":[0,0],"3":[0,0],"4":[0,0],"5":[0,0],"6":[0,0],"7":[0,0]}}
,"/home/runner/work/Medz/Medz/backend/controllers/auth.controller.js": {"path":"/home/runner/work/Medz/Medz/backend/controllers/auth.controller.js","statementMap":{"0":{"start":{"line":2,"column":25},"end":{"line":2,"column":57}},"1":{"start":{"line":3,"column":12},"end":{"line":3,"column":35}},"2":{"start":{"line":4,"column":15},"end":{"line":4,"column":34}},"3":{"start":{"line":7,"column":17},"end":{"line":10,"column":1}},"4":{"start":{"line":12,"column":19},"end":{"line":12,"column":93}},"5":{"start":{"line":13,"column":23},"end":{"line":13,"column":66}},"6":{"start":{"line":16,"column":0},"end":{"line":95,"column":2}},"7":{"start":{"line":17,"column":4},"end":{"line":94,"column":5}},"8":{"start":{"line":18,"column":49},"end":{"line":18,"column":57}},"9":{"start":{"line":21,"column":8},"end":{"line":26,"column":9}},"10":{"start":{"line":22,"column":12},"end":{"line":25,"column":15}},"11":{"start":{"line":29,"column":39},"end":{"line":33,"column":21}},"12":{"start":{"line":35,"column":8},"end":{"line":40,"column":9}},"13":{"start":{"line":36,"column":12},"end":{"line":39,"column":15}},"14":{"start":{"line":43,"column":31},"end":{"line":43,"column":62}},"15":{"start":{"line":46,"column":41},"end":{"line":57,"column":21}},"16":{"start":{"line":59,"column":8},"end":{"line":66,"column":9}},"17":{"start":{"line":60,"column":12},"end":{"line":60,"column":52}},"18":{"start":{"line":61,"column":12},"end":{"line":65,"column":15}},"19":{"start":{"line":69,"column":22},"end":{"line":73,"column":9}},"20":{"start":{"line":75,"column":8},"end":{"line":86,"column":11}},"21":{"start":{"line":88,"column":8},"end":{"line":88,"column":46}},"22":{"start":{"line":89,"column":8},"end":{"line":93,"column":11}},"23":{"start":{"line":98,"column":0},"end":{"line":166,"column":2}},"24":{"start":{"line":99,"column":4},"end":{"line":165,"column":5}},"25":{"start":{"line":100,"column":36},"end":{"line":100,"column":44}},"26":{"start":{"line":102,"column":8},"end":{"line":107,"column":9}},"27":{"start":{"line":103,"column":12},"end":{"line":106,"column":15}},"28":{"start":{"line":110,"column":38},"end":{"line":114,"column":21}},"29":{"start":{"line":116,"column":8},"end":{"line":121,"column":9}},"30":{"start":{"line":117,"column":12},"end":{"line":120,"column":15}},"31":{"start":{"line":124,"column":32},"end":{"line":124,"column":77}},"32":{"start":{"line":126,"column":8},"end":{"line":131,"column":9}},"33":{"start":{"line":127,"column":12},"end":{"line":130,"column":15}},"34":{"start":{"line":134,"column":22},"end":{"line":138,"column":9}},"35":{"start":{"line":141,"column":8},"end":{"line":144,"column":31}},"36":{"start":{"line":146,"column":8},"end":{"line":157,"column":11}},"37":{"start":{"line":159,"column":8},"end":{"line":159,"column":45}},"38":{"start":{"line":160,"column":8},"end":{"line":164,"column":11}},"39":{"start":{"line":169,"column":0},"end":{"line":220,"column":2}},"40":{"start":{"line":170,"column":4},"end":{"line":219,"column":5}},"41":{"start":{"line":171,"column":26},"end":{"line":171,"column":34}},"42":{"start":{"line":173,"column":8},"end":{"line":178,"column":9}},"43":{"start":{"line":174,"column":12},"end":{"line":177,"column":15}},"44":{"start":{"line":181,"column":20},"end":{"line":181,"column":74}},"45":{"start":{"line":184,"column":27},"end":{"line":184,"column":77}},"46":{"start":{"line":186,"column":26},"end":{"line":193,"column":15}},"47":{"start":{"line":195,"column":8},"end":{"line":201,"column":9}},"48":{"start":{"line":196,"column":12},"end":{"line":196,"column":55}},"49":{"start":{"line":197,"column":12},"end":{"line":200,"column":15}},"50":{"start":{"line":204,"column":8},"end":{"line":204,"column":48}},"51":{"start":{"line":206,"column":8},"end":{"line":211,"column":11}},"52":{"start":{"line":213,"column":8},"end":{"line":213,"column":48}},"53":{"start":{"line":214,"column":8},"end":{"line":218,"column":11}},"54":{"start":{"line":223,"column":0},"end":{"line":315,"column":2}},"55":{"start":{"line":224,"column":4},"end":{"line":314,"column":5}},"56":{"start":{"line":225,"column":31},"end":{"line":225,"column":39}},"57":{"start":{"line":227,"column":8},"end":{"line":232,"column":9}},"58":{"start":{"line":228,"column":12},"end":{"line":231,"column":15}},"59":{"start":{"line":235,"column":43},"end":{"line":243,"column":21}},"60":{"start":{"line":245,"column":8},"end":{"line":250,"column":9}},"61":{"start":{"line":246,"column":12},"end":{"line":249,"column":15}},"62":{"start":{"line":253,"column":29},"end":{"line":257,"column":21}},"63":{"start":{"line":259,"column":8},"end":{"line":280,"column":9}},"64":{"start":{"line":261,"column":58},"end":{"line":270,"column":25}},"65":{"start":{"line":272,"column":12},"end":{"line":277,"column":13}},"66":{"start":{"line":273,"column":16},"end":{"line":276,"column":19}},"67":{"start":{"line":279,"column":12},"end":{"line":279,"column":27}},"68":{"start":{"line":283,"column":8},"end":{"line":286,"column":36}},"69":{"start":{"line":289,"column":22},"end":{"line":293,"column":9}},"70":{"start":{"line":295,"column":8},"end":{"line":306,"column":11}},"71":{"start":{"line":308,"column":8},"end":{"line":308,"column":50}},"72":{"start":{"line":309,"column":8},"end":{"line":313,"column":11}},"73":{"start":{"line":318,"column":0},"end":{"line":433,"column":2}},"74":{"start":{"line":319,"column":4},"end":{"line":432,"column":5}},"75":{"start":{"line":320,"column":36},"end":{"line":320,"column":44}},"76":{"start":{"line":322,"column":8},"end":{"line":322,"column":54}},"77":{"start":{"line":323,"column":8},"end":{"line":323,"column":55}},"78":{"start":{"line":324,"column":8},"end":{"line":324,"column":60}},"79":{"start":{"line":326,"column":8},"end":{"line":331,"column":9}},"80":{"start":{"line":327,"column":12},"end":{"line":330,"column":15}},"81":{"start":{"line":334,"column":8},"end":{"line":340,"column":9}},"82":{"start":{"line":335,"column":12},"end":{"line":335,"column":48}},"83":{"start":{"line":336,"column":12},"end":{"line":339,"column":15}},"84":{"start":{"line":342,"column":8},"end":{"line":342,"column":66}},"85":{"start":{"line":346,"column":8},"end":{"line":361,"column":9}},"86":{"start":{"line":347,"column":36},"end":{"line":352,"column":25}},"87":{"start":{"line":354,"column":12},"end":{"line":354,"column":25}},"88":{"start":{"line":356,"column":12},"end":{"line":358,"column":13}},"89":{"start":{"line":357,"column":16},"end":{"line":357,"column":85}},"90":{"start":{"line":360,"column":12},"end":{"line":360,"column":74}},"91":{"start":{"line":363,"column":8},"end":{"line":401,"column":9}},"92":{"start":{"line":365,"column":12},"end":{"line":400,"column":13}},"93":{"start":{"line":366,"column":39},"end":{"line":366,"column":70}},"94":{"start":{"line":367,"column":50},"end":{"line":377,"column":29}},"95":{"start":{"line":379,"column":16},"end":{"line":390,"column":17}},"96":{"start":{"line":380,"column":20},"end":{"line":380,"column":83}},"97":{"start":{"line":382,"column":20},"end":{"line":387,"column":22}},"98":{"start":{"line":389,"column":20},"end":{"line":389,"column":37}},"99":{"start":{"line":392,"column":16},"end":{"line":392,"column":77}},"100":{"start":{"line":394,"column":16},"end":{"line":399,"column":18}},"101":{"start":{"line":403,"column":8},"end":{"line":403,"column":50}},"102":{"start":{"line":406,"column":22},"end":{"line":410,"column":9}},"103":{"start":{"line":412,"column":8},"end":{"line":412,"column":61}},"104":{"start":{"line":414,"column":8},"end":{"line":424,"column":11}},"105":{"start":{"line":426,"column":8},"end":{"line":426,"column":54}},"106":{"start":{"line":427,"column":8},"end":{"line":431,"column":11}},"107":{"start":{"line":436,"column":0},"end":{"line":464,"column":2}},"108":{"start":{"line":437,"column":4},"end":{"line":463,"column":5}},"109":{"start":{"line":438,"column":23},"end":{"line":438,"column":38}},"110":{"start":{"line":440,"column":38},"end":{"line":444,"column":21}},"111":{"start":{"line":446,"column":8},"end":{"line":451,"column":9}},"112":{"start":{"line":447,"column":12},"end":{"line":450,"column":15}},"113":{"start":{"line":453,"column":8},"end":{"line":456,"column":11}},"114":{"start":{"line":458,"column":8},"end":{"line":462,"column":11}},"115":{"start":{"line":467,"column":23},"end":{"line":467,"column":52}},"116":{"start":{"line":470,"column":0},"end":{"line":491,"column":2}},"117":{"start":{"line":471,"column":2},"end":{"line":490,"column":3}},"118":{"start":{"line":472,"column":38},"end":{"line":472,"column":107}},"119":{"start":{"line":474,"column":4},"end":{"line":476,"column":5}},"120":{"start":{"line":475,"column":6},"end":{"line":475,"column":61}},"121":{"start":{"line":478,"column":4},"end":{"line":487,"column":7}},"122":{"start":{"line":489,"column":4},"end":{"line":489,"column":14}},"123":{"start":{"line":494,"column":0},"end":{"line":517,"column":2}},"124":{"start":{"line":495,"column":2},"end":{"line":516,"column":3}},"125":{"start":{"line":496,"column":28},"end":{"line":496,"column":36}},"126":{"start":{"line":497,"column":18},"end":{"line":497,"column":58}},"127":{"start":{"line":499,"column":28},"end":{"line":504,"column":6}},"128":{"start":{"line":506,"column":4},"end":{"line":508,"column":5}},"129":{"start":{"line":507,"column":6},"end":{"line":507,"column":60}},"130":{"start":{"line":510,"column":4},"end":{"line":513,"column":7}},"131":{"start":{"line":515,"column":4},"end":{"line":515,"column":14}},"132":{"start":{"line":520,"column":0},"end":{"line":532,"column":2}},"133":{"start":{"line":521,"column":2},"end":{"line":531,"column":3}},"134":{"start":{"line":522,"column":22},"end":{"line":522,"column":51}},"135":{"start":{"line":524,"column":4},"end":{"line":526,"column":5}},"136":{"start":{"line":525,"column":6},"end":{"line":525,"column":60}},"137":{"start":{"line":528,"column":4},"end":{"line":528,"column":68}},"138":{"start":{"line":530,"column":4},"end":{"line":530,"column":14}},"139":{"start":{"line":535,"column":0},"end":{"line":665,"column":2}},"140":{"start":{"line":536,"column":4},"end":{"line":664,"column":5}},"141":{"start":{"line":537,"column":76},"end":{"line":537,"column":84}},"142":{"start":{"line":539,"column":24},"end":{"line":539,"column":29}},"143":{"start":{"line":540,"column":23},"end":{"line":540,"column":27}},"144":{"start":{"line":541,"column":26},"end":{"line":541,"column":33}},"145":{"start":{"line":542,"column":27},"end":{"line":542,"column":35}},"146":{"start":{"line":545,"column":8},"end":{"line":570,"column":9}},"147":{"start":{"line":546,"column":12},"end":{"line":569,"column":13}},"148":{"start":{"line":548,"column":38},"end":{"line":548,"column":62}},"149":{"start":{"line":549,"column":32},"end":{"line":549,"column":97}},"150":{"start":{"line":551,"column":16},"end":{"line":551,"column":42}},"151":{"start":{"line":552,"column":16},"end":{"line":552,"column":40}},"152":{"start":{"line":553,"column":16},"end":{"line":553,"column":46}},"153":{"start":{"line":554,"column":16},"end":{"line":554,"column":43}},"154":{"start":{"line":557,"column":16},"end":{"line":562,"column":17}},"155":{"start":{"line":558,"column":20},"end":{"line":561,"column":23}},"156":{"start":{"line":564,"column":16},"end":{"line":564,"column":66}},"157":{"start":{"line":565,"column":16},"end":{"line":568,"column":19}},"158":{"start":{"line":572,"column":8},"end":{"line":577,"column":9}},"159":{"start":{"line":573,"column":12},"end":{"line":576,"column":15}},"160":{"start":{"line":580,"column":56},"end":{"line":584,"column":21}},"161":{"start":{"line":588,"column":8},"end":{"line":630,"column":9}},"162":{"start":{"line":590,"column":62},"end":{"line":599,"column":25}},"163":{"start":{"line":601,"column":12},"end":{"line":603,"column":13}},"164":{"start":{"line":602,"column":16},"end":{"line":602,"column":60}},"165":{"start":{"line":604,"column":12},"end":{"line":604,"column":47}},"166":{"start":{"line":607,"column":58},"end":{"line":619,"column":25}},"167":{"start":{"line":621,"column":12},"end":{"line":628,"column":13}},"168":{"start":{"line":622,"column":16},"end":{"line":622,"column":60}},"169":{"start":{"line":623,"column":16},"end":{"line":627,"column":19}},"170":{"start":{"line":629,"column":12},"end":{"line":629,"column":27}},"171":{"start":{"line":633,"column":22},"end":{"line":642,"column":9}},"172":{"start":{"line":644,"column":8},"end":{"line":656,"column":11}},"173":{"start":{"line":658,"column":8},"end":{"line":658,"column":51}},"174":{"start":{"line":659,"column":8},"end":{"line":663,"column":11}}},"fnMap":{"0":{"name":"(anonymous_0)","decl":{"start":{"line":16,"column":17},"end":{"line":16,"column":18}},"loc":{"start":{"line":16,"column":37},"end":{"line":95,"column":1}},"line":16},"1":{"name":"(anonymous_1)","decl":{"start":{"line":98,"column":16},"end":{"line":98,"column":17}},"loc":{"start":{"line":98,"column":36},"end":{"line":166,"column":1}},"line":98},"2":{"name":"(anonymous_2)","decl":{"start":{"line":169,"column":18},"end":{"line":169,"column":19}},"loc":{"start":{"line":169,"column":38},"end":{"line":220,"column":1}},"line":169},"3":{"name":"(anonymous_3)","decl":{"start":{"line":223,"column":20},"end":{"line":223,"column":21}},"loc":{"start":{"line":223,"column":40},"end":{"line":315,"column":1}},"line":223},"4":{"name":"(anonymous_4)","decl":{"start":{"line":318,"column":21},"end":{"line":318,"column":22}},"loc":{"start":{"line":318,"column":41},"end":{"line":433,"column":1}},"line":318},"5":{"name":"(anonymous_5)","decl":{"start":{"line":436,"column":25},"end":{"line":436,"column":26}},"loc":{"start":{"line":436,"column":45},"end":{"line":464,"column":1}},"line":436},"6":{"name":"(anonymous_6)","decl":{"start":{"line":470,"column":21},"end":{"line":470,"column":22}},"loc":{"start":{"line":470,"column":47},"end":{"line":491,"column":1}},"line":470},"7":{"name":"(anonymous_7)","decl":{"start":{"line":494,"column":24},"end":{"line":494,"column":25}},"loc":{"start":{"line":494,"column":50},"end":{"line":517,"column":1}},"line":494},"8":{"name":"(anonymous_8)","decl":{"start":{"line":520,"column":18},"end":{"line":520,"column":19}},"loc":{"start":{"line":520,"column":44},"end":{"line":532,"column":1}},"line":520},"9":{"name":"(anonymous_9)","decl":{"start":{"line":535,"column":21},"end":{"line":535,"column":22}},"loc":{"start":{"line":535,"column":41},"end":{"line":665,"column":1}},"line":535}},"branchMap":{"0":{"loc":{"start":{"line":12,"column":19},"end":{"line":12,"column":93}},"type":"binary-expr","locations":[{"start":{"line":12,"column":19},"end":{"line":12,"column":41}},{"start":{"line":12,"column":45},"end":{"line":12,"column":93}}],"line":12},"1":{"loc":{"start":{"line":13,"column":23},"end":{"line":13,"column":66}},"type":"binary-expr","locations":[{"start":{"line":13,"column":23},"end":{"line":13,"column":49}},{"start":{"line":13,"column":53},"end":{"line":13,"column":66}}],"line":13},"2":{"loc":{"start":{"line":21,"column":8},"end":{"line":26,"column":9}},"type":"if","locations":[{"start":{"line":21,"column":8},"end":{"line":26,"column":9}},{"start":{},"end":{}}],"line":21},"3":{"loc":{"start":{"line":21,"column":12},"end":{"line":21,"column":40}},"type":"binary-expr","locations":[{"start":{"line":21,"column":12},"end":{"line":21,"column":17}},{"start":{"line":21,"column":21},"end":{"line":21,"column":27}},{"start":{"line":21,"column":31},"end":{"line":21,"column":40}}],"line":21},"4":{"loc":{"start":{"line":35,"column":8},"end":{"line":40,"column":9}},"type":"if","locations":[{"start":{"line":35,"column":8},"end":{"line":40,"column":9}},{"start":{},"end":{}}],"line":35},"5":{"loc":{"start":{"line":51,"column":23},"end":{"line":51,"column":36}},"type":"binary-expr","locations":[{"start":{"line":51,"column":23},"end":{"line":51,"column":28}},{"start":{"line":51,"column":32},"end":{"line":51,"column":36}}],"line":51},"6":{"loc":{"start":{"line":59,"column":8},"end":{"line":66,"column":9}},"type":"if","locations":[{"start":{"line":59,"column":8},"end":{"line":66,"column":9}},{"start":{},"end":{}}],"line":59},"7":{"loc":{"start":{"line":102,"column":8},"end":{"line":107,"column":9}},"type":"if","locations":[{"start":{"line":102,"column":8},"end":{"line":107,"column":9}},{"start":{},"end":{}}],"line":102},"8":{"loc":{"start":{"line":102,"column":12},"end":{"line":102,"column":31}},"type":"binary-expr","locations":[{"start":{"line":102,"column":12},"end":{"line":102,"column":18}},{"start":{"line":102,"column":22},"end":{"line":102,"column":31}}],"line":102},"9":{"loc":{"start":{"line":116,"column":8},"end":{"line":121,"column":9}},"type":"if","locations":[{"start":{"line":116,"column":8},"end":{"line":121,"column":9}},{"start":{},"end":{}}],"line":116},"10":{"loc":{"start":{"line":116,"column":12},"end":{"line":116,"column":26}},"type":"binary-expr","locations":[{"start":{"line":116,"column":12},"end":{"line":116,"column":17}},{"start":{"line":116,"column":21},"end":{"line":116,"column":26}}],"line":116},"11":{"loc":{"start":{"line":126,"column":8},"end":{"line":131,"column":9}},"type":"if","locations":[{"start":{"line":126,"column":8},"end":{"line":131,"column":9}},{"start":{},"end":{}}],"line":126},"12":{"loc":{"start":{"line":173,"column":8},"end":{"line":178,"column":9}},"type":"if","locations":[{"start":{"line":173,"column":8},"end":{"line":178,"column":9}},{"start":{},"end":{}}],"line":173},"13":{"loc":{"start":{"line":195,"column":8},"end":{"line":201,"column":9}},"type":"if","locations":[{"start":{"line":195,"column":8},"end":{"line":201,"column":9}},{"start":{},"end":{}}],"line":195},"14":{"loc":{"start":{"line":210,"column":17},"end":{"line":210,"column":73}},"type":"cond-expr","locations":[{"start":{"line":210,"column":58},"end":{"line":210,"column":61}},{"start":{"line":210,"column":64},"end":{"line":210,"column":73}}],"line":210},"15":{"loc":{"start":{"line":227,"column":8},"end":{"line":232,"column":9}},"type":"if","locations":[{"start":{"line":227,"column":8},"end":{"line":232,"column":9}},{"start":{},"end":{}}],"line":227},"16":{"loc":{"start":{"line":227,"column":12},"end":{"line":227,"column":26}},"type":"binary-expr","locations":[{"start":{"line":227,"column":12},"end":{"line":227,"column":18}},{"start":{"line":227,"column":22},"end":{"line":227,"column":26}}],"line":227},"17":{"loc":{"start":{"line":245,"column":8},"end":{"line":250,"column":9}},"type":"if","locations":[{"start":{"line":245,"column":8},"end":{"line":250,"column":9}},{"start":{},"end":{}}],"line":245},"18":{"loc":{"start":{"line":245,"column":12},"end":{"line":245,"column":31}},"type":"binary-expr","locations":[{"start":{"line":245,"column":12},"end":{"line":245,"column":17}},{"start":{"line":245,"column":21},"end":{"line":245,"column":31}}],"line":245},"19":{"loc":{"start":{"line":259,"column":8},"end":{"line":280,"column":9}},"type":"if","locations":[{"start":{"line":259,"column":8},"end":{"line":280,"column":9}},{"start":{},"end":{}}],"line":259},"20":{"loc":{"start":{"line":272,"column":12},"end":{"line":277,"column":13}},"type":"if","locations":[{"start":{"line":272,"column":12},"end":{"line":277,"column":13}},{"start":{},"end":{}}],"line":272},"21":{"loc":{"start":{"line":326,"column":8},"end":{"line":331,"column":9}},"type":"if","locations":[{"start":{"line":326,"column":8},"end":{"line":331,"column":9}},{"start":{},"end":{}}],"line":326},"22":{"loc":{"start":{"line":326,"column":12},"end":{"line":326,"column":31}},"type":"binary-expr","locations":[{"start":{"line":326,"column":12},"end":{"line":326,"column":18}},{"start":{"line":326,"column":22},"end":{"line":326,"column":31}}],"line":326},"23":{"loc":{"start":{"line":334,"column":8},"end":{"line":340,"column":9}},"type":"if","locations":[{"start":{"line":334,"column":8},"end":{"line":340,"column":9}},{"start":{},"end":{}}],"line":334},"24":{"loc":{"start":{"line":356,"column":12},"end":{"line":358,"column":13}},"type":"if","locations":[{"start":{"line":356,"column":12},"end":{"line":358,"column":13}},{"start":{},"end":{}}],"line":356},"25":{"loc":{"start":{"line":363,"column":8},"end":{"line":401,"column":9}},"type":"if","locations":[{"start":{"line":363,"column":8},"end":{"line":401,"column":9}},{"start":{},"end":{}}],"line":363},"26":{"loc":{"start":{"line":379,"column":16},"end":{"line":390,"column":17}},"type":"if","locations":[{"start":{"line":379,"column":16},"end":{"line":390,"column":17}},{"start":{"line":388,"column":23},"end":{"line":390,"column":17}}],"line":379},"27":{"loc":{"start":{"line":446,"column":8},"end":{"line":451,"column":9}},"type":"if","locations":[{"start":{"line":446,"column":8},"end":{"line":451,"column":9}},{"start":{},"end":{}}],"line":446},"28":{"loc":{"start":{"line":446,"column":12},"end":{"line":446,"column":26}},"type":"binary-expr","locations":[{"start":{"line":446,"column":12},"end":{"line":446,"column":17}},{"start":{"line":446,"column":21},"end":{"line":446,"column":26}}],"line":446},"29":{"loc":{"start":{"line":474,"column":4},"end":{"line":476,"column":5}},"type":"if","locations":[{"start":{"line":474,"column":4},"end":{"line":476,"column":5}},{"start":{},"end":{}}],"line":474},"30":{"loc":{"start":{"line":483,"column":14},"end":{"line":483,"column":71}},"type":"binary-expr","locations":[{"start":{"line":483,"column":14},"end":{"line":483,"column":43}},{"start":{"line":483,"column":47},"end":{"line":483,"column":71}}],"line":483},"31":{"loc":{"start":{"line":506,"column":4},"end":{"line":508,"column":5}},"type":"if","locations":[{"start":{"line":506,"column":4},"end":{"line":508,"column":5}},{"start":{},"end":{}}],"line":506},"32":{"loc":{"start":{"line":524,"column":4},"end":{"line":526,"column":5}},"type":"if","locations":[{"start":{"line":524,"column":4},"end":{"line":526,"column":5}},{"start":{},"end":{}}],"line":524},"33":{"loc":{"start":{"line":545,"column":8},"end":{"line":570,"column":9}},"type":"if","locations":[{"start":{"line":545,"column":8},"end":{"line":570,"column":9}},{"start":{},"end":{}}],"line":545},"34":{"loc":{"start":{"line":557,"column":16},"end":{"line":562,"column":17}},"type":"if","locations":[{"start":{"line":557,"column":16},"end":{"line":562,"column":17}},{"start":{},"end":{}}],"line":557},"35":{"loc":{"start":{"line":572,"column":8},"end":{"line":577,"column":9}},"type":"if","locations":[{"start":{"line":572,"column":8},"end":{"line":577,"column":9}},{"start":{},"end":{}}],"line":572},"36":{"loc":{"start":{"line":588,"column":8},"end":{"line":630,"column":9}},"type":"if","locations":[{"start":{"line":588,"column":8},"end":{"line":630,"column":9}},{"start":{"line":605,"column":15},"end":{"line":630,"column":9}}],"line":588},"37":{"loc":{"start":{"line":601,"column":12},"end":{"line":603,"column":13}},"type":"if","locations":[{"start":{"line":601,"column":12},"end":{"line":603,"column":13}},{"start":{},"end":{}}],"line":601},"38":{"loc":{"start":{"line":604,"column":19},"end":{"line":604,"column":46}},"type":"binary-expr","locations":[{"start":{"line":604,"column":19},"end":{"line":604,"column":30}},{"start":{"line":604,"column":34},"end":{"line":604,"column":46}}],"line":604},"39":{"loc":{"start":{"line":621,"column":12},"end":{"line":628,"column":13}},"type":"if","locations":[{"start":{"line":621,"column":12},"end":{"line":628,"column":13}},{"start":{},"end":{}}],"line":621}},"s":{"0":0,"1":0,"2":0,"3":0,"4":0,"5":0,"6":0,"7":0,"8":0,"9":0,"10":0,"11":0,"12":0,"13":0,"14":0,"15":0,"16":0,"17":0,"18":0,"19":0,"20":0,"21":0,"22":0,"23":0,"24":0,"25":0,"26":0,"27":0,"28":0,"29":0,"30":0,"31":0,"32":0,"33":0,"34":0,"35":0,"36":0,"37":0,"38":0,"39":0,"40":0,"41":0,"42":0,"43":0,"44":0,"45":0,"46":0,"47":0,"48":0,"49":0,"50":0,"51":0,"52":0,"53":0,"54":0,"55":0,"56":0,"57":0,"58":0,"59":0,"60":0,"61":0,"62":0,"63":0,"64":0,"65":0,"66":0,"67":0,"68":0,"69":0,"70":0,"71":0,"72":0,"73":0,"74":0,"75":0,"76":0,"77":0,"78":0,"79":0,"80":0,"81":0,"82":0,"83":0,"84":0,"85":0,"86":0,"87":0,"88":0,"89":0,"90":0,"91":0,"92":0,"93":0,"94":0,"95":0,"96":0,"97":0,"98":0,"99":0,"100":0,"101":0,"102":0,"103":0,"104":0,"105":0,"106":0,"107":0,"108":0,"109":0,"110":0,"111":0,"112":0,"113":0,"114":0,"115":0,"116":0,"117":0,"118":0,"119":0,"120":0,"121":0,"122":0,"123":0,"124":0,"125":0,"126":0,"127":0,"128":0,"129":0,"130":0,"131":0,"132":0,"133":0,"134":0,"135":0,"136":0,"137":0,"138":0,"139":0,"140":0,"141":0,"142":0,"143":0,"144":0,"145":0,"146":0,"147":0,"148":0,"149":0,"150":0,"151":0,"152":0,"153":0,"154":0,"155":0,"156":0,"157":0,"158":0,"159":0,"160":0,"161":0,"162":0,"163":0,"164":0,"165":0,"166":0,"167":0,"168":0,"169":0,"170":0,"171":0,"172":0,"173":0,"174":0},"f":{"0":0,"1":0,"2":0,"3":0,"4":0,"5":0,"6":0,"7":0,"8":0,"9":0},"b":{"0":[0,0],"1":[0,0],"2":[0,0],"3":[0,0,0],"4":[0,0],"5":[0,0],"6":[0,0],"7":[0,0],"8":[0,0],"9":[0,0],"10":[0,0],"11":[0,0],"12":[0,0],"13":[0,0],"14":[0,0],"15":[0,0],"16":[0,0],"17":[0,0],"18":[0,0],"19":[0,0],"20":[0,0],"21":[0,0],"22":[0,0],"23":[0,0],"24":[0,0],"25":[0,0],"26":[0,0],"27":[0,0],"28":[0,0],"29":[0,0],"30":[0,0],"31":[0,0],"32":[0,0],"33":[0,0],"34":[0,0],"35":[0,0],"36":[0,0],"37":[0,0],"38":[0,0],"39":[0,0]}}
,"/home/runner/work/Medz/Medz/backend/controllers/chatbot.controller.js": {"path":"/home/runner/work/Medz/Medz/backend/controllers/chatbot.controller.js","statementMap":{"0":{"start":{"line":2,"column":14},"end":{"line":2,"column":35}},"1":{"start":{"line":4,"column":21},"end":{"line":4,"column":45}},"2":{"start":{"line":5,"column":21},"end":{"line":5,"column":70}},"3":{"start":{"line":8,"column":22},"end":{"line":46,"column":109}},"4":{"start":{"line":49,"column":0},"end":{"line":116,"column":2}},"5":{"start":{"line":50,"column":4},"end":{"line":115,"column":5}},"6":{"start":{"line":51,"column":54},"end":{"line":51,"column":62}},"7":{"start":{"line":53,"column":8},"end":{"line":58,"column":9}},"8":{"start":{"line":54,"column":12},"end":{"line":57,"column":15}},"9":{"start":{"line":60,"column":8},"end":{"line":65,"column":9}},"10":{"start":{"line":61,"column":12},"end":{"line":64,"column":15}},"11":{"start":{"line":68,"column":25},"end":{"line":72,"column":9}},"12":{"start":{"line":75,"column":25},"end":{"line":89,"column":10}},"13":{"start":{"line":91,"column":8},"end":{"line":98,"column":9}},"14":{"start":{"line":92,"column":30},"end":{"line":92,"column":69}},"15":{"start":{"line":92,"column":65},"end":{"line":92,"column":67}},"16":{"start":{"line":93,"column":12},"end":{"line":93,"column":73}},"17":{"start":{"line":94,"column":12},"end":{"line":97,"column":15}},"18":{"start":{"line":100,"column":21},"end":{"line":100,"column":42}},"19":{"start":{"line":101,"column":26},"end":{"line":101,"column":107}},"20":{"start":{"line":103,"column":8},"end":{"line":107,"column":11}},"21":{"start":{"line":110,"column":8},"end":{"line":110,"column":47}},"22":{"start":{"line":111,"column":8},"end":{"line":114,"column":11}},"23":{"start":{"line":119,"column":0},"end":{"line":135,"column":2}},"24":{"start":{"line":120,"column":24},"end":{"line":129,"column":5}},"25":{"start":{"line":131,"column":4},"end":{"line":134,"column":7}}},"fnMap":{"0":{"name":"(anonymous_0)","decl":{"start":{"line":49,"column":15},"end":{"line":49,"column":16}},"loc":{"start":{"line":49,"column":35},"end":{"line":116,"column":1}},"line":49},"1":{"name":"(anonymous_1)","decl":{"start":{"line":92,"column":58},"end":{"line":92,"column":59}},"loc":{"start":{"line":92,"column":65},"end":{"line":92,"column":67}},"line":92},"2":{"name":"(anonymous_2)","decl":{"start":{"line":119,"column":25},"end":{"line":119,"column":26}},"loc":{"start":{"line":119,"column":39},"end":{"line":135,"column":1}},"line":119}},"branchMap":{"0":{"loc":{"start":{"line":51,"column":25},"end":{"line":51,"column":49}},"type":"default-arg","locations":[{"start":{"line":51,"column":47},"end":{"line":51,"column":49}}],"line":51},"1":{"loc":{"start":{"line":53,"column":8},"end":{"line":58,"column":9}},"type":"if","locations":[{"start":{"line":53,"column":8},"end":{"line":58,"column":9}},{"start":{},"end":{}}],"line":53},"2":{"loc":{"start":{"line":53,"column":12},"end":{"line":53,"column":51}},"type":"binary-expr","locations":[{"start":{"line":53,"column":12},"end":{"line":53,"column":20}},{"start":{"line":53,"column":24},"end":{"line":53,"column":51}}],"line":53},"3":{"loc":{"start":{"line":60,"column":8},"end":{"line":65,"column":9}},"type":"if","locations":[{"start":{"line":60,"column":8},"end":{"line":65,"column":9}},{"start":{},"end":{}}],"line":60},"4":{"loc":{"start":{"line":91,"column":8},"end":{"line":98,"column":9}},"type":"if","locations":[{"start":{"line":91,"column":8},"end":{"line":98,"column":9}},{"start":{},"end":{}}],"line":91},"5":{"loc":{"start":{"line":101,"column":26},"end":{"line":101,"column":107}},"type":"binary-expr","locations":[{"start":{"line":101,"column":26},"end":{"line":101,"column":61}},{"start":{"line":101,"column":65},"end":{"line":101,"column":107}}],"line":101}},"s":{"0":0,"1":0,"2":0,"3":0,"4":0,"5":0,"6":0,"7":0,"8":0,"9":0,"10":0,"11":0,"12":0,"13":0,"14":0,"15":0,"16":0,"17":0,"18":0,"19":0,"20":0,"21":0,"22":0,"23":0,"24":0,"25":0},"f":{"0":0,"1":0,"2":0},"b":{"0":[0],"1":[0,0],"2":[0,0],"3":[0,0],"4":[0,0],"5":[0,0]}}
,"/home/runner/work/Medz/Medz/backend/controllers/medical.controller.js": {"path":"/home/runner/work/Medz/Medz/backend/controllers/medical.controller.js","statementMap":{"0":{"start":{"line":1,"column":11},"end":{"line":1,"column":33}},"1":{"start":{"line":2,"column":13},"end":{"line":2,"column":28}},"2":{"start":{"line":4,"column":24},"end":{"line":4,"column":77}},"3":{"start":{"line":8,"column":4},"end":{"line":14,"column":5}},"4":{"start":{"line":9,"column":21},"end":{"line":9,"column":63}},"5":{"start":{"line":10,"column":8},"end":{"line":10,"column":32}},"6":{"start":{"line":12,"column":8},"end":{"line":12,"column":64}},"7":{"start":{"line":13,"column":8},"end":{"line":13,"column":46}},"8":{"start":{"line":19,"column":4},"end":{"line":25,"column":5}},"9":{"start":{"line":20,"column":8},"end":{"line":20,"column":83}},"10":{"start":{"line":21,"column":8},"end":{"line":21,"column":20}},"11":{"start":{"line":23,"column":8},"end":{"line":23,"column":63}},"12":{"start":{"line":24,"column":8},"end":{"line":24,"column":21}},"13":{"start":{"line":29,"column":0},"end":{"line":44,"column":2}},"14":{"start":{"line":30,"column":4},"end":{"line":43,"column":5}},"15":{"start":{"line":31,"column":19},"end":{"line":31,"column":40}},"16":{"start":{"line":32,"column":8},"end":{"line":36,"column":11}},"17":{"start":{"line":38,"column":8},"end":{"line":42,"column":11}},"18":{"start":{"line":47,"column":0},"end":{"line":73,"column":2}},"19":{"start":{"line":48,"column":4},"end":{"line":72,"column":5}},"20":{"start":{"line":49,"column":32},"end":{"line":49,"column":42}},"21":{"start":{"line":50,"column":19},"end":{"line":50,"column":40}},"22":{"start":{"line":52,"column":28},"end":{"line":52,"column":66}},"23":{"start":{"line":54,"column":8},"end":{"line":59,"column":9}},"24":{"start":{"line":55,"column":12},"end":{"line":58,"column":15}},"25":{"start":{"line":61,"column":8},"end":{"line":65,"column":11}},"26":{"start":{"line":67,"column":8},"end":{"line":71,"column":11}},"27":{"start":{"line":76,"column":0},"end":{"line":133,"column":2}},"28":{"start":{"line":77,"column":4},"end":{"line":132,"column":5}},"29":{"start":{"line":78,"column":71},"end":{"line":78,"column":79}},"30":{"start":{"line":80,"column":8},"end":{"line":85,"column":9}},"31":{"start":{"line":81,"column":12},"end":{"line":84,"column":15}},"32":{"start":{"line":87,"column":19},"end":{"line":87,"column":40}},"33":{"start":{"line":88,"column":27},"end":{"line":88,"column":64}},"34":{"start":{"line":91,"column":8},"end":{"line":96,"column":9}},"35":{"start":{"line":92,"column":12},"end":{"line":95,"column":15}},"36":{"start":{"line":99,"column":8},"end":{"line":104,"column":10}},"37":{"start":{"line":107,"column":8},"end":{"line":109,"column":9}},"38":{"start":{"line":108,"column":12},"end":{"line":108,"column":47}},"39":{"start":{"line":111,"column":22},"end":{"line":111,"column":45}},"40":{"start":{"line":113,"column":8},"end":{"line":125,"column":9}},"41":{"start":{"line":114,"column":12},"end":{"line":119,"column":15}},"42":{"start":{"line":121,"column":12},"end":{"line":124,"column":15}},"43":{"start":{"line":127,"column":8},"end":{"line":131,"column":11}},"44":{"start":{"line":136,"column":0},"end":{"line":184,"column":2}},"45":{"start":{"line":137,"column":4},"end":{"line":183,"column":5}},"46":{"start":{"line":138,"column":32},"end":{"line":138,"column":42}},"47":{"start":{"line":139,"column":65},"end":{"line":139,"column":73}},"48":{"start":{"line":141,"column":19},"end":{"line":141,"column":40}},"49":{"start":{"line":142,"column":27},"end":{"line":142,"column":52}},"50":{"start":{"line":144,"column":8},"end":{"line":149,"column":9}},"51":{"start":{"line":145,"column":12},"end":{"line":148,"column":15}},"52":{"start":{"line":152,"column":8},"end":{"line":152,"column":57}},"53":{"start":{"line":152,"column":19},"end":{"line":152,"column":57}},"54":{"start":{"line":153,"column":8},"end":{"line":153,"column":69}},"55":{"start":{"line":153,"column":23},"end":{"line":153,"column":69}},"56":{"start":{"line":154,"column":8},"end":{"line":154,"column":66}},"57":{"start":{"line":154,"column":22},"end":{"line":154,"column":66}},"58":{"start":{"line":155,"column":8},"end":{"line":155,"column":60}},"59":{"start":{"line":155,"column":20},"end":{"line":155,"column":60}},"60":{"start":{"line":158,"column":8},"end":{"line":160,"column":9}},"61":{"start":{"line":159,"column":12},"end":{"line":159,"column":47}},"62":{"start":{"line":162,"column":22},"end":{"line":162,"column":45}},"63":{"start":{"line":164,"column":8},"end":{"line":176,"column":9}},"64":{"start":{"line":165,"column":12},"end":{"line":170,"column":15}},"65":{"start":{"line":172,"column":12},"end":{"line":175,"column":15}},"66":{"start":{"line":178,"column":8},"end":{"line":182,"column":11}},"67":{"start":{"line":187,"column":0},"end":{"line":224,"column":2}},"68":{"start":{"line":188,"column":4},"end":{"line":223,"column":5}},"69":{"start":{"line":189,"column":32},"end":{"line":189,"column":42}},"70":{"start":{"line":190,"column":19},"end":{"line":190,"column":40}},"71":{"start":{"line":191,"column":27},"end":{"line":191,"column":52}},"72":{"start":{"line":193,"column":8},"end":{"line":198,"column":9}},"73":{"start":{"line":194,"column":12},"end":{"line":197,"column":15}},"74":{"start":{"line":201,"column":8},"end":{"line":201,"column":39}},"75":{"start":{"line":202,"column":8},"end":{"line":202,"column":39}},"76":{"start":{"line":204,"column":22},"end":{"line":204,"column":45}},"77":{"start":{"line":206,"column":8},"end":{"line":216,"column":9}},"78":{"start":{"line":207,"column":12},"end":{"line":210,"column":15}},"79":{"start":{"line":212,"column":12},"end":{"line":215,"column":15}},"80":{"start":{"line":218,"column":8},"end":{"line":222,"column":11}},"81":{"start":{"line":227,"column":0},"end":{"line":281,"column":2}},"82":{"start":{"line":228,"column":4},"end":{"line":280,"column":5}},"83":{"start":{"line":229,"column":22},"end":{"line":229,"column":31}},"84":{"start":{"line":231,"column":8},"end":{"line":236,"column":9}},"85":{"start":{"line":232,"column":12},"end":{"line":235,"column":15}},"86":{"start":{"line":238,"column":19},"end":{"line":238,"column":40}},"87":{"start":{"line":239,"column":22},"end":{"line":239,"column":37}},"88":{"start":{"line":240,"column":24},"end":{"line":240,"column":26}},"89":{"start":{"line":243,"column":8},"end":{"line":251,"column":9}},"90":{"start":{"line":244,"column":12},"end":{"line":250,"column":13}},"91":{"start":{"line":245,"column":16},"end":{"line":249,"column":19}},"92":{"start":{"line":254,"column":8},"end":{"line":266,"column":9}},"93":{"start":{"line":255,"column":33},"end":{"line":257,"column":13}},"94":{"start":{"line":256,"column":16},"end":{"line":256,"column":53}},"95":{"start":{"line":259,"column":12},"end":{"line":265,"column":13}},"96":{"start":{"line":259,"column":51},"end":{"line":259,"column":75}},"97":{"start":{"line":260,"column":16},"end":{"line":264,"column":19}},"98":{"start":{"line":268,"column":8},"end":{"line":273,"column":11}},"99":{"start":{"line":275,"column":8},"end":{"line":279,"column":11}},"100":{"start":{"line":284,"column":0},"end":{"line":360,"column":2}},"101":{"start":{"line":285,"column":4},"end":{"line":359,"column":5}},"102":{"start":{"line":286,"column":49},"end":{"line":286,"column":57}},"103":{"start":{"line":288,"column":8},"end":{"line":293,"column":9}},"104":{"start":{"line":289,"column":12},"end":{"line":292,"column":15}},"105":{"start":{"line":295,"column":19},"end":{"line":295,"column":40}},"106":{"start":{"line":296,"column":33},"end":{"line":296,"column":35}},"107":{"start":{"line":297,"column":24},"end":{"line":297,"column":46}},"108":{"start":{"line":300,"column":8},"end":{"line":311,"column":9}},"109":{"start":{"line":301,"column":26},"end":{"line":303,"column":13}},"110":{"start":{"line":302,"column":16},"end":{"line":302,"column":55}},"111":{"start":{"line":305,"column":12},"end":{"line":310,"column":13}},"112":{"start":{"line":306,"column":16},"end":{"line":309,"column":19}},"113":{"start":{"line":313,"column":8},"end":{"line":324,"column":9}},"114":{"start":{"line":314,"column":12},"end":{"line":323,"column":15}},"115":{"start":{"line":327,"column":25},"end":{"line":339,"column":9}},"116":{"start":{"line":342,"column":8},"end":{"line":346,"column":11}},"117":{"start":{"line":343,"column":12},"end":{"line":343,"column":68}},"118":{"start":{"line":344,"column":12},"end":{"line":344,"column":76}},"119":{"start":{"line":345,"column":12},"end":{"line":345,"column":67}},"120":{"start":{"line":349,"column":8},"end":{"line":349,"column":86}},"121":{"start":{"line":350,"column":8},"end":{"line":350,"column":94}},"122":{"start":{"line":352,"column":8},"end":{"line":352,"column":27}},"123":{"start":{"line":354,"column":8},"end":{"line":358,"column":11}}},"fnMap":{"0":{"name":"loadMedicalDB","decl":{"start":{"line":7,"column":15},"end":{"line":7,"column":28}},"loc":{"start":{"line":7,"column":31},"end":{"line":15,"column":1}},"line":7},"1":{"name":"saveMedicalDB","decl":{"start":{"line":18,"column":15},"end":{"line":18,"column":28}},"loc":{"start":{"line":18,"column":35},"end":{"line":26,"column":1}},"line":18},"2":{"name":"(anonymous_2)","decl":{"start":{"line":29,"column":25},"end":{"line":29,"column":26}},"loc":{"start":{"line":29,"column":45},"end":{"line":44,"column":1}},"line":29},"3":{"name":"(anonymous_3)","decl":{"start":{"line":47,"column":28},"end":{"line":47,"column":29}},"loc":{"start":{"line":47,"column":48},"end":{"line":73,"column":1}},"line":47},"4":{"name":"(anonymous_4)","decl":{"start":{"line":76,"column":21},"end":{"line":76,"column":22}},"loc":{"start":{"line":76,"column":41},"end":{"line":133,"column":1}},"line":76},"5":{"name":"(anonymous_5)","decl":{"start":{"line":136,"column":24},"end":{"line":136,"column":25}},"loc":{"start":{"line":136,"column":44},"end":{"line":184,"column":1}},"line":136},"6":{"name":"(anonymous_6)","decl":{"start":{"line":187,"column":24},"end":{"line":187,"column":25}},"loc":{"start":{"line":187,"column":44},"end":{"line":224,"column":1}},"line":187},"7":{"name":"(anonymous_7)","decl":{"start":{"line":227,"column":25},"end":{"line":227,"column":26}},"loc":{"start":{"line":227,"column":45},"end":{"line":281,"column":1}},"line":227},"8":{"name":"(anonymous_8)","decl":{"start":{"line":255,"column":50},"end":{"line":255,"column":51}},"loc":{"start":{"line":256,"column":16},"end":{"line":256,"column":53}},"line":256},"9":{"name":"(anonymous_9)","decl":{"start":{"line":259,"column":46},"end":{"line":259,"column":47}},"loc":{"start":{"line":259,"column":51},"end":{"line":259,"column":75}},"line":259},"10":{"name":"(anonymous_10)","decl":{"start":{"line":284,"column":26},"end":{"line":284,"column":27}},"loc":{"start":{"line":284,"column":46},"end":{"line":360,"column":1}},"line":284},"11":{"name":"(anonymous_11)","decl":{"start":{"line":301,"column":43},"end":{"line":301,"column":44}},"loc":{"start":{"line":302,"column":16},"end":{"line":302,"column":55}},"line":302},"12":{"name":"(anonymous_12)","decl":{"start":{"line":342,"column":33},"end":{"line":342,"column":34}},"loc":{"start":{"line":342,"column":41},"end":{"line":346,"column":9}},"line":342}},"branchMap":{"0":{"loc":{"start":{"line":54,"column":8},"end":{"line":59,"column":9}},"type":"if","locations":[{"start":{"line":54,"column":8},"end":{"line":59,"column":9}},{"start":{},"end":{}}],"line":54},"1":{"loc":{"start":{"line":80,"column":8},"end":{"line":85,"column":9}},"type":"if","locations":[{"start":{"line":80,"column":8},"end":{"line":85,"column":9}},{"start":{},"end":{}}],"line":80},"2":{"loc":{"start":{"line":80,"column":12},"end":{"line":80,"column":65}},"type":"binary-expr","locations":[{"start":{"line":80,"column":12},"end":{"line":80,"column":17}},{"start":{"line":80,"column":21},"end":{"line":80,"column":27}},{"start":{"line":80,"column":31},"end":{"line":80,"column":41}},{"start":{"line":80,"column":45},"end":{"line":80,"column":54}},{"start":{"line":80,"column":58},"end":{"line":80,"column":65}}],"line":80},"3":{"loc":{"start":{"line":91,"column":8},"end":{"line":96,"column":9}},"type":"if","locations":[{"start":{"line":91,"column":8},"end":{"line":96,"column":9}},{"start":{},"end":{}}],"line":91},"4":{"loc":{"start":{"line":107,"column":8},"end":{"line":109,"column":9}},"type":"if","locations":[{"start":{"line":107,"column":8},"end":{"line":109,"column":9}},{"start":{},"end":{}}],"line":107},"5":{"loc":{"start":{"line":107,"column":12},"end":{"line":107,"column":43}},"type":"binary-expr","locations":[{"start":{"line":107,"column":12},"end":{"line":107,"column":20}},{"start":{"line":107,"column":24},"end":{"line":107,"column":43}}],"line":107},"6":{"loc":{"start":{"line":113,"column":8},"end":{"line":125,"column":9}},"type":"if","locations":[{"start":{"line":113,"column":8},"end":{"line":125,"column":9}},{"start":{"line":120,"column":15},"end":{"line":125,"column":9}}],"line":113},"7":{"loc":{"start":{"line":144,"column":8},"end":{"line":149,"column":9}},"type":"if","locations":[{"start":{"line":144,"column":8},"end":{"line":149,"column":9}},{"start":{},"end":{}}],"line":144},"8":{"loc":{"start":{"line":152,"column":8},"end":{"line":152,"column":57}},"type":"if","locations":[{"start":{"line":152,"column":8},"end":{"line":152,"column":57}},{"start":{},"end":{}}],"line":152},"9":{"loc":{"start":{"line":153,"column":8},"end":{"line":153,"column":69}},"type":"if","locations":[{"start":{"line":153,"column":8},"end":{"line":153,"column":69}},{"start":{},"end":{}}],"line":153},"10":{"loc":{"start":{"line":154,"column":8},"end":{"line":154,"column":66}},"type":"if","locations":[{"start":{"line":154,"column":8},"end":{"line":154,"column":66}},{"start":{},"end":{}}],"line":154},"11":{"loc":{"start":{"line":155,"column":8},"end":{"line":155,"column":60}},"type":"if","locations":[{"start":{"line":155,"column":8},"end":{"line":155,"column":60}},{"start":{},"end":{}}],"line":155},"12":{"loc":{"start":{"line":158,"column":8},"end":{"line":160,"column":9}},"type":"if","locations":[{"start":{"line":158,"column":8},"end":{"line":160,"column":9}},{"start":{},"end":{}}],"line":158},"13":{"loc":{"start":{"line":158,"column":12},"end":{"line":158,"column":43}},"type":"binary-expr","locations":[{"start":{"line":158,"column":12},"end":{"line":158,"column":20}},{"start":{"line":158,"column":24},"end":{"line":158,"column":43}}],"line":158},"14":{"loc":{"start":{"line":164,"column":8},"end":{"line":176,"column":9}},"type":"if","locations":[{"start":{"line":164,"column":8},"end":{"line":176,"column":9}},{"start":{"line":171,"column":15},"end":{"line":176,"column":9}}],"line":164},"15":{"loc":{"start":{"line":193,"column":8},"end":{"line":198,"column":9}},"type":"if","locations":[{"start":{"line":193,"column":8},"end":{"line":198,"column":9}},{"start":{},"end":{}}],"line":193},"16":{"loc":{"start":{"line":206,"column":8},"end":{"line":216,"column":9}},"type":"if","locations":[{"start":{"line":206,"column":8},"end":{"line":216,"column":9}},{"start":{"line":211,"column":15},"end":{"line":216,"column":9}}],"line":206},"17":{"loc":{"start":{"line":231,"column":8},"end":{"line":236,"column":9}},"type":"if","locations":[{"start":{"line":231,"column":8},"end":{"line":236,"column":9}},{"start":{},"end":{}}],"line":231},"18":{"loc":{"start":{"line":244,"column":12},"end":{"line":250,"column":13}},"type":"if","locations":[{"start":{"line":244,"column":12},"end":{"line":250,"column":13}},{"start":{},"end":{}}],"line":244},"19":{"loc":{"start":{"line":259,"column":12},"end":{"line":265,"column":13}},"type":"if","locations":[{"start":{"line":259,"column":12},"end":{"line":265,"column":13}},{"start":{},"end":{}}],"line":259},"20":{"loc":{"start":{"line":259,"column":16},"end":{"line":259,"column":76}},"type":"binary-expr","locations":[{"start":{"line":259,"column":16},"end":{"line":259,"column":28}},{"start":{"line":259,"column":32},"end":{"line":259,"column":76}}],"line":259},"21":{"loc":{"start":{"line":288,"column":8},"end":{"line":293,"column":9}},"type":"if","locations":[{"start":{"line":288,"column":8},"end":{"line":293,"column":9}},{"start":{},"end":{}}],"line":288},"22":{"loc":{"start":{"line":288,"column":12},"end":{"line":288,"column":47}},"type":"binary-expr","locations":[{"start":{"line":288,"column":12},"end":{"line":288,"column":21}},{"start":{"line":288,"column":25},"end":{"line":288,"column":47}}],"line":288},"23":{"loc":{"start":{"line":305,"column":12},"end":{"line":310,"column":13}},"type":"if","locations":[{"start":{"line":305,"column":12},"end":{"line":310,"column":13}},{"start":{},"end":{}}],"line":305},"24":{"loc":{"start":{"line":313,"column":8},"end":{"line":324,"column":9}},"type":"if","locations":[{"start":{"line":313,"column":8},"end":{"line":324,"column":9}},{"start":{},"end":{}}],"line":313},"25":{"loc":{"start":{"line":332,"column":22},"end":{"line":332,"column":49}},"type":"binary-expr","locations":[{"start":{"line":332,"column":22},"end":{"line":332,"column":30}},{"start":{"line":332,"column":34},"end":{"line":332,"column":49}}],"line":332},"26":{"loc":{"start":{"line":333,"column":22},"end":{"line":333,"column":49}},"type":"binary-expr","locations":[{"start":{"line":333,"column":22},"end":{"line":333,"column":30}},{"start":{"line":333,"column":34},"end":{"line":333,"column":49}}],"line":333}},"s":{"0":0,"1":0,"2":0,"3":0,"4":0,"5":0,"6":0,"7":0,"8":0,"9":0,"10":0,"11":0,"12":0,"13":0,"14":0,"15":0,"16":0,"17":0,"18":0,"19":0,"20":0,"21":0,"22":0,"23":0,"24":0,"25":0,"26":0,"27":0,"28":0,"29":0,"30":0,"31":0,"32":0,"33":0,"34":0,"35":0,"36":0,"37":0,"38":0,"39":0,"40":0,"41":0,"42":0,"43":0,"44":0,"45":0,"46":0,"47":0,"48":0,"49":0,"50":0,"51":0,"52":0,"53":0,"54":0,"55":0,"56":0,"57":0,"58":0,"59":0,"60":0,"61":0,"62":0,"63":0,"64":0,"65":0,"66":0,"67":0,"68":0,"69":0,"70":0,"71":0,"72":0,"73":0,"74":0,"75":0,"76":0,"77":0,"78":0,"79":0,"80":0,"81":0,"82":0,"83":0,"84":0,"85":0,"86":0,"87":0,"88":0,"89":0,"90":0,"91":0,"92":0,"93":0,"94":0,"95":0,"96":0,"97":0,"98":0,"99":0,"100":0,"101":0,"102":0,"103":0,"104":0,"105":0,"106":0,"107":0,"108":0,"109":0,"110":0,"111":0,"112":0,"113":0,"114":0,"115":0,"116":0,"117":0,"118":0,"119":0,"120":0,"121":0,"122":0,"123":0},"f":{"0":0,"1":0,"2":0,"3":0,"4":0,"5":0,"6":0,"7":0,"8":0,"9":0,"10":0,"11":0,"12":0},"b":{"0":[0,0],"1":[0,0],"2":[0,0,0,0,0],"3":[0,0],"4":[0,0],"5":[0,0],"6":[0,0],"7":[0,0],"8":[0,0],"9":[0,0],"10":[0,0],"11":[0,0],"12":[0,0],"13":[0,0],"14":[0,0],"15":[0,0],"16":[0,0],"17":[0,0],"18":[0,0],"19":[0,0],"20":[0,0],"21":[0,0],"22":[0,0],"23":[0,0],"24":[0,0],"25":[0,0],"26":[0,0]}}
,"/home/runner/work/Medz/Medz/backend/controllers/orders.controller.js": {"path":"/home/runner/work/Medz/Medz/backend/controllers/orders.controller.js","statementMap":{"0":{"start":{"line":1,"column":53},"end":{"line":1,"column":75}},"1":{"start":{"line":2,"column":19},"end":{"line":2,"column":36}},"2":{"start":{"line":4,"column":0},"end":{"line":11,"column":2}},"3":{"start":{"line":5,"column":2},"end":{"line":10,"column":3}},"4":{"start":{"line":6,"column":19},"end":{"line":6,"column":33}},"5":{"start":{"line":7,"column":4},"end":{"line":7,"column":21}},"6":{"start":{"line":9,"column":4},"end":{"line":9,"column":14}},"7":{"start":{"line":13,"column":0},"end":{"line":33,"column":2}},"8":{"start":{"line":14,"column":2},"end":{"line":32,"column":3}},"9":{"start":{"line":15,"column":92},"end":{"line":15,"column":106}},"10":{"start":{"line":16,"column":4},"end":{"line":16,"column":110}},"11":{"start":{"line":16,"column":53},"end":{"line":16,"column":110}},"12":{"start":{"line":18,"column":18},"end":{"line":26,"column":5}},"13":{"start":{"line":28,"column":4},"end":{"line":28,"column":25}},"14":{"start":{"line":29,"column":4},"end":{"line":29,"column":32}},"15":{"start":{"line":31,"column":4},"end":{"line":31,"column":14}}},"fnMap":{"0":{"name":"(anonymous_0)","decl":{"start":{"line":4,"column":21},"end":{"line":4,"column":22}},"loc":{"start":{"line":4,"column":47},"end":{"line":11,"column":1}},"line":4},"1":{"name":"(anonymous_1)","decl":{"start":{"line":13,"column":22},"end":{"line":13,"column":23}},"loc":{"start":{"line":13,"column":48},"end":{"line":33,"column":1}},"line":13}},"branchMap":{"0":{"loc":{"start":{"line":15,"column":12},"end":{"line":15,"column":22}},"type":"default-arg","locations":[{"start":{"line":15,"column":20},"end":{"line":15,"column":22}}],"line":15},"1":{"loc":{"start":{"line":15,"column":24},"end":{"line":15,"column":39}},"type":"default-arg","locations":[{"start":{"line":15,"column":38},"end":{"line":15,"column":39}}],"line":15},"2":{"loc":{"start":{"line":15,"column":41},"end":{"line":15,"column":63}},"type":"default-arg","locations":[{"start":{"line":15,"column":59},"end":{"line":15,"column":63}}],"line":15},"3":{"loc":{"start":{"line":15,"column":65},"end":{"line":15,"column":87}},"type":"default-arg","locations":[{"start":{"line":15,"column":83},"end":{"line":15,"column":87}}],"line":15},"4":{"loc":{"start":{"line":15,"column":92},"end":{"line":15,"column":106}},"type":"binary-expr","locations":[{"start":{"line":15,"column":92},"end":{"line":15,"column":100}},{"start":{"line":15,"column":104},"end":{"line":15,"column":106}}],"line":15},"5":{"loc":{"start":{"line":16,"column":4},"end":{"line":16,"column":110}},"type":"if","locations":[{"start":{"line":16,"column":4},"end":{"line":16,"column":110}},{"start":{},"end":{}}],"line":16},"6":{"loc":{"start":{"line":16,"column":8},"end":{"line":16,"column":51}},"type":"binary-expr","locations":[{"start":{"line":16,"column":8},"end":{"line":16,"column":29}},{"start":{"line":16,"column":33},"end":{"line":16,"column":51}}],"line":16},"7":{"loc":{"start":{"line":21,"column":26},"end":{"line":21,"column":42}},"type":"binary-expr","locations":[{"start":{"line":21,"column":26},"end":{"line":21,"column":37}},{"start":{"line":21,"column":41},"end":{"line":21,"column":42}}],"line":21}},"s":{"0":0,"1":0,"2":0,"3":0,"4":0,"5":0,"6":0,"7":0,"8":0,"9":0,"10":0,"11":0,"12":0,"13":0,"14":0,"15":0},"f":{"0":0,"1":0},"b":{"0":[0],"1":[0],"2":[0],"3":[0],"4":[0,0],"5":[0,0],"6":[0,0],"7":[0,0]}}
,"/home/runner/work/Medz/Medz/backend/controllers/payments.controller.js": {"path":"/home/runner/work/Medz/Medz/backend/controllers/payments.controller.js","statementMap":{"0":{"start":{"line":2,"column":17},"end":{"line":2,"column":36}},"1":{"start":{"line":3,"column":15},"end":{"line":3,"column":32}},"2":{"start":{"line":4,"column":21},"end":{"line":4,"column":57}},"3":{"start":{"line":5,"column":19},"end":{"line":5,"column":53}},"4":{"start":{"line":7,"column":17},"end":{"line":10,"column":2}},"5":{"start":{"line":13,"column":0},"end":{"line":41,"column":2}},"6":{"start":{"line":14,"column":2},"end":{"line":40,"column":3}},"7":{"start":{"line":15,"column":57},"end":{"line":15,"column":65}},"8":{"start":{"line":17,"column":4},"end":{"line":19,"column":5}},"9":{"start":{"line":18,"column":6},"end":{"line":18,"column":67}},"10":{"start":{"line":21,"column":20},"end":{"line":26,"column":5}},"11":{"start":{"line":28,"column":18},"end":{"line":28,"column":55}},"12":{"start":{"line":30,"column":4},"end":{"line":36,"column":7}},"13":{"start":{"line":38,"column":4},"end":{"line":38,"column":57}},"14":{"start":{"line":39,"column":4},"end":{"line":39,"column":14}},"15":{"start":{"line":44,"column":0},"end":{"line":94,"column":2}},"16":{"start":{"line":45,"column":2},"end":{"line":93,"column":3}},"17":{"start":{"line":46,"column":75},"end":{"line":46,"column":83}},"18":{"start":{"line":48,"column":4},"end":{"line":50,"column":5}},"19":{"start":{"line":49,"column":6},"end":{"line":49,"column":72}},"20":{"start":{"line":52,"column":17},"end":{"line":52,"column":62}},"21":{"start":{"line":53,"column":25},"end":{"line":56,"column":20}},"22":{"start":{"line":58,"column":4},"end":{"line":89,"column":5}},"23":{"start":{"line":63,"column":6},"end":{"line":69,"column":7}},"24":{"start":{"line":64,"column":8},"end":{"line":68,"column":11}},"25":{"start":{"line":71,"column":6},"end":{"line":77,"column":7}},"26":{"start":{"line":72,"column":8},"end":{"line":76,"column":10}},"27":{"start":{"line":79,"column":6},"end":{"line":83,"column":9}},"28":{"start":{"line":85,"column":6},"end":{"line":88,"column":9}},"29":{"start":{"line":91,"column":4},"end":{"line":91,"column":51}},"30":{"start":{"line":92,"column":4},"end":{"line":92,"column":14}},"31":{"start":{"line":97,"column":0},"end":{"line":137,"column":2}},"32":{"start":{"line":98,"column":2},"end":{"line":136,"column":3}},"33":{"start":{"line":99,"column":26},"end":{"line":99,"column":61}},"34":{"start":{"line":100,"column":22},"end":{"line":100,"column":57}},"35":{"start":{"line":103,"column":30},"end":{"line":106,"column":20}},"36":{"start":{"line":108,"column":4},"end":{"line":132,"column":5}},"37":{"start":{"line":109,"column":20},"end":{"line":109,"column":34}},"38":{"start":{"line":110,"column":22},"end":{"line":110,"column":53}},"39":{"start":{"line":112,"column":6},"end":{"line":112,"column":43}},"40":{"start":{"line":113,"column":6},"end":{"line":113,"column":47}},"41":{"start":{"line":116,"column":6},"end":{"line":127,"column":7}},"42":{"start":{"line":119,"column":10},"end":{"line":119,"column":55}},"43":{"start":{"line":120,"column":10},"end":{"line":120,"column":16}},"44":{"start":{"line":123,"column":10},"end":{"line":123,"column":53}},"45":{"start":{"line":124,"column":10},"end":{"line":124,"column":16}},"46":{"start":{"line":126,"column":10},"end":{"line":126,"column":49}},"47":{"start":{"line":129,"column":6},"end":{"line":129,"column":33}},"48":{"start":{"line":131,"column":6},"end":{"line":131,"column":59}},"49":{"start":{"line":134,"column":4},"end":{"line":134,"column":41}},"50":{"start":{"line":135,"column":4},"end":{"line":135,"column":14}},"51":{"start":{"line":140,"column":0},"end":{"line":154,"column":2}},"52":{"start":{"line":141,"column":2},"end":{"line":153,"column":3}},"53":{"start":{"line":142,"column":27},"end":{"line":142,"column":37}},"54":{"start":{"line":144,"column":20},"end":{"line":144,"column":61}},"55":{"start":{"line":146,"column":4},"end":{"line":149,"column":7}},"56":{"start":{"line":151,"column":4},"end":{"line":151,"column":50}},"57":{"start":{"line":152,"column":4},"end":{"line":152,"column":14}}},"fnMap":{"0":{"name":"(anonymous_0)","decl":{"start":{"line":13,"column":22},"end":{"line":13,"column":23}},"loc":{"start":{"line":13,"column":48},"end":{"line":41,"column":1}},"line":13},"1":{"name":"(anonymous_1)","decl":{"start":{"line":44,"column":24},"end":{"line":44,"column":25}},"loc":{"start":{"line":44,"column":50},"end":{"line":94,"column":1}},"line":44},"2":{"name":"(anonymous_2)","decl":{"start":{"line":97,"column":18},"end":{"line":97,"column":19}},"loc":{"start":{"line":97,"column":44},"end":{"line":137,"column":1}},"line":97},"3":{"name":"(anonymous_3)","decl":{"start":{"line":140,"column":28},"end":{"line":140,"column":29}},"loc":{"start":{"line":140,"column":54},"end":{"line":154,"column":1}},"line":140}},"branchMap":{"0":{"loc":{"start":{"line":8,"column":10},"end":{"line":8,"column":55}},"type":"binary-expr","locations":[{"start":{"line":8,"column":10},"end":{"line":8,"column":37}},{"start":{"line":8,"column":41},"end":{"line":8,"column":55}}],"line":8},"1":{"loc":{"start":{"line":9,"column":14},"end":{"line":9,"column":66}},"type":"binary-expr","locations":[{"start":{"line":9,"column":14},"end":{"line":9,"column":45}},{"start":{"line":9,"column":49},"end":{"line":9,"column":66}}],"line":9},"2":{"loc":{"start":{"line":15,"column":20},"end":{"line":15,"column":36}},"type":"default-arg","locations":[{"start":{"line":15,"column":31},"end":{"line":15,"column":36}}],"line":15},"3":{"loc":{"start":{"line":17,"column":4},"end":{"line":19,"column":5}},"type":"if","locations":[{"start":{"line":17,"column":4},"end":{"line":19,"column":5}},{"start":{},"end":{}}],"line":17},"4":{"loc":{"start":{"line":24,"column":15},"end":{"line":24,"column":49}},"type":"binary-expr","locations":[{"start":{"line":24,"column":15},"end":{"line":24,"column":22}},{"start":{"line":24,"column":26},"end":{"line":24,"column":49}}],"line":24},"5":{"loc":{"start":{"line":25,"column":13},"end":{"line":25,"column":24}},"type":"binary-expr","locations":[{"start":{"line":25,"column":13},"end":{"line":25,"column":18}},{"start":{"line":25,"column":22},"end":{"line":25,"column":24}}],"line":25},"6":{"loc":{"start":{"line":48,"column":4},"end":{"line":50,"column":5}},"type":"if","locations":[{"start":{"line":48,"column":4},"end":{"line":50,"column":5}},{"start":{},"end":{}}],"line":48},"7":{"loc":{"start":{"line":48,"column":8},"end":{"line":48,"column":73}},"type":"binary-expr","locations":[{"start":{"line":48,"column":8},"end":{"line":48,"column":26}},{"start":{"line":48,"column":30},"end":{"line":48,"column":50}},{"start":{"line":48,"column":54},"end":{"line":48,"column":73}}],"line":48},"8":{"loc":{"start":{"line":58,"column":4},"end":{"line":89,"column":5}},"type":"if","locations":[{"start":{"line":58,"column":4},"end":{"line":89,"column":5}},{"start":{"line":84,"column":11},"end":{"line":89,"column":5}}],"line":58},"9":{"loc":{"start":{"line":63,"column":6},"end":{"line":69,"column":7}},"type":"if","locations":[{"start":{"line":63,"column":6},"end":{"line":69,"column":7}},{"start":{},"end":{}}],"line":63},"10":{"loc":{"start":{"line":66,"column":17},"end":{"line":66,"column":37}},"type":"binary-expr","locations":[{"start":{"line":66,"column":17},"end":{"line":66,"column":31}},{"start":{"line":66,"column":35},"end":{"line":66,"column":37}}],"line":66},"11":{"loc":{"start":{"line":67,"column":17},"end":{"line":67,"column":37}},"type":"binary-expr","locations":[{"start":{"line":67,"column":17},"end":{"line":67,"column":32}},{"start":{"line":67,"column":36},"end":{"line":67,"column":37}}],"line":67},"12":{"loc":{"start":{"line":71,"column":6},"end":{"line":77,"column":7}},"type":"if","locations":[{"start":{"line":71,"column":6},"end":{"line":77,"column":7}},{"start":{},"end":{}}],"line":71},"13":{"loc":{"start":{"line":75,"column":10},"end":{"line":75,"column":30}},"type":"binary-expr","locations":[{"start":{"line":75,"column":10},"end":{"line":75,"column":25}},{"start":{"line":75,"column":29},"end":{"line":75,"column":30}}],"line":75},"14":{"loc":{"start":{"line":108,"column":4},"end":{"line":132,"column":5}},"type":"if","locations":[{"start":{"line":108,"column":4},"end":{"line":132,"column":5}},{"start":{"line":130,"column":11},"end":{"line":132,"column":5}}],"line":108},"15":{"loc":{"start":{"line":116,"column":6},"end":{"line":127,"column":7}},"type":"switch","locations":[{"start":{"line":117,"column":8},"end":{"line":120,"column":16}},{"start":{"line":121,"column":8},"end":{"line":124,"column":16}},{"start":{"line":125,"column":8},"end":{"line":126,"column":49}}],"line":116}},"s":{"0":0,"1":0,"2":0,"3":0,"4":0,"5":0,"6":0,"7":0,"8":0,"9":0,"10":0,"11":0,"12":0,"13":0,"14":0,"15":0,"16":0,"17":0,"18":0,"19":0,"20":0,"21":0,"22":0,"23":0,"24":0,"25":0,"26":0,"27":0,"28":0,"29":0,"30":0,"31":0,"32":0,"33":0,"34":0,"35":0,"36":0,"37":0,"38":0,"39":0,"40":0,"41":0,"42":0,"43":0,"44":0,"45":0,"46":0,"47":0,"48":0,"49":0,"50":0,"51":0,"52":0,"53":0,"54":0,"55":0,"56":0,"57":0},"f":{"0":0,"1":0,"2":0,"3":0},"b":{"0":[0,0],"1":[0,0],"2":[0],"3":[0,0],"4":[0,0],"5":[0,0],"6":[0,0],"7":[0,0,0],"8":[0,0],"9":[0,0],"10":[0,0],"11":[0,0],"12":[0,0],"13":[0,0],"14":[0,0],"15":[0,0,0]}}
,"/home/runner/work/Medz/Medz/backend/controllers/tests.controller.js": {"path":"/home/runner/work/Medz/Medz/backend/controllers/tests.controller.js","statementMap":{"0":{"start":{"line":1,"column":40},"end":{"line":1,"column":62}},"1":{"start":{"line":3,"column":0},"end":{"line":8,"column":2}},"2":{"start":{"line":4,"column":2},"end":{"line":7,"column":30}},"3":{"start":{"line":5,"column":18},"end":{"line":5,"column":31}},"4":{"start":{"line":6,"column":4},"end":{"line":6,"column":20}},"5":{"start":{"line":7,"column":18},"end":{"line":7,"column":28}},"6":{"start":{"line":10,"column":0},"end":{"line":15,"column":2}},"7":{"start":{"line":11,"column":2},"end":{"line":14,"column":30}},"8":{"start":{"line":12,"column":17},"end":{"line":12,"column":33}},"9":{"start":{"line":13,"column":4},"end":{"line":13,"column":19}},"10":{"start":{"line":14,"column":18},"end":{"line":14,"column":28}}},"fnMap":{"0":{"name":"(anonymous_0)","decl":{"start":{"line":3,"column":19},"end":{"line":3,"column":20}},"loc":{"start":{"line":3,"column":45},"end":{"line":8,"column":1}},"line":3},"1":{"name":"(anonymous_1)","decl":{"start":{"line":10,"column":22},"end":{"line":10,"column":23}},"loc":{"start":{"line":10,"column":48},"end":{"line":15,"column":1}},"line":10}},"branchMap":{},"s":{"0":0,"1":0,"2":0,"3":0,"4":0,"5":0,"6":0,"7":0,"8":0,"9":0,"10":0},"f":{"0":0,"1":0},"b":{}}
,"/home/runner/work/Medz/Medz/backend/middleware/auth.js": {"path":"/home/runner/work/Medz/Medz/backend/middleware/auth.js","statementMap":{"0":{"start":{"line":2,"column":17},"end":{"line":2,"column":46}},"1":{"start":{"line":5,"column":0},"end":{"line":29,"column":2}},"2":{"start":{"line":6,"column":2},"end":{"line":28,"column":3}},"3":{"start":{"line":7,"column":23},"end":{"line":7,"column":48}},"4":{"start":{"line":9,"column":4},"end":{"line":11,"column":5}},"5":{"start":{"line":10,"column":6},"end":{"line":10,"column":80}},"6":{"start":{"line":13,"column":18},"end":{"line":13,"column":42}},"7":{"start":{"line":16,"column":38},"end":{"line":16,"column":72}},"8":{"start":{"line":18,"column":4},"end":{"line":20,"column":5}},"9":{"start":{"line":19,"column":6},"end":{"line":19,"column":73}},"10":{"start":{"line":23,"column":4},"end":{"line":23,"column":20}},"11":{"start":{"line":24,"column":4},"end":{"line":24,"column":11}},"12":{"start":{"line":26,"column":4},"end":{"line":26,"column":49}},"13":{"start":{"line":27,"column":4},"end":{"line":27,"column":61}},"14":{"start":{"line":32,"column":0},"end":{"line":45,"column":2}},"15":{"start":{"line":33,"column":2},"end":{"line":35,"column":3}},"16":{"start":{"line":34,"column":4},"end":{"line":34,"column":70}},"17":{"start":{"line":38,"column":18},"end":{"line":38,"column":58}},"18":{"start":{"line":40,"column":2},"end":{"line":42,"column":3}},"19":{"start":{"line":41,"column":4},"end":{"line":41,"column":68}},"20":{"start":{"line":44,"column":2},"end":{"line":44,"column":9}}},"fnMap":{"0":{"name":"(anonymous_0)","decl":{"start":{"line":5,"column":27},"end":{"line":5,"column":28}},"loc":{"start":{"line":5,"column":53},"end":{"line":29,"column":1}},"line":5},"1":{"name":"(anonymous_1)","decl":{"start":{"line":32,"column":23},"end":{"line":32,"column":24}},"loc":{"start":{"line":32,"column":43},"end":{"line":45,"column":1}},"line":32}},"branchMap":{"0":{"loc":{"start":{"line":9,"column":4},"end":{"line":11,"column":5}},"type":"if","locations":[{"start":{"line":9,"column":4},"end":{"line":11,"column":5}},{"start":{},"end":{}}],"line":9},"1":{"loc":{"start":{"line":9,"column":8},"end":{"line":9,"column":56}},"type":"binary-expr","locations":[{"start":{"line":9,"column":8},"end":{"line":9,"column":19}},{"start":{"line":9,"column":23},"end":{"line":9,"column":56}}],"line":9},"2":{"loc":{"start":{"line":18,"column":4},"end":{"line":20,"column":5}},"type":"if","locations":[{"start":{"line":18,"column":4},"end":{"line":20,"column":5}},{"start":{},"end":{}}],"line":18},"3":{"loc":{"start":{"line":18,"column":8},"end":{"line":18,"column":22}},"type":"binary-expr","locations":[{"start":{"line":18,"column":8},"end":{"line":18,"column":13}},{"start":{"line":18,"column":17},"end":{"line":18,"column":22}}],"line":18},"4":{"loc":{"start":{"line":33,"column":2},"end":{"line":35,"column":3}},"type":"if","locations":[{"start":{"line":33,"column":2},"end":{"line":35,"column":
[...]
,"/home/runner/work/Medz/Medz/backend/routes/health.routes.js": {"path":"/home/runner/work/Medz/Medz/backend/routes/health.routes.js","statementMap":{"0":{"start":{"line":2,"column":16},"end":{"line":2,"column":34}},"1":{"start":{"line":3,"column":15},"end":{"line":3,"column":31}},"2":{"start":{"line":5,"column":0},"end":{"line":5,"column":64}},"3":{"start":{"line":5,"column":36},"end":{"line":5,"column":62}},"4":{"start":{"line":7,"column":0},"end":{"line":7,"column":24}}},"fnMap":{"0":{"name":"(anonymous_0)","decl":{"start":{"line":5,"column":22},"end":{"line":5,"column":23}},"loc":{"start":{"line":5,"column":36},"end":{"line":5,"column":62}},"line":5}},"branchMap":{},"s":{"0":0,"1":0,"2":0,"3":0,"4":0},"f":{"0":0},"b":{}}
,"/home/runner/work/Medz/Medz/backend/routes/medical.routes.js": {"path":"/home/runner/work/Medz/Medz/backend/routes/medical.routes.js","statementMap":{"0":{"start":{"line":1,"column":16},"end":{"line":1,"column":34}},"1":{"start":{"line":2,"column":15},"end":{"line":2,"column":31}},"2":{"start":{"line":3,"column":26},"end":{"line":3,"column":70}},"3":{"start":{"line":6,"column":0},"end":{"line":6,"column":58}},"4":{"start":{"line":9,"column":0},"end":{"line":9,"column":74}},"5":{"start":{"line":12,"column":0},"end":{"line":12,"column":55}},"6":{"start":{"line":15,"column":0},"end":{"line":15,"column":70}},"7":{"start":{"line":18,"column":0},"end":{"line":18,"column":73}},"8":{"start":{"line":21,"column":0},"end":{"line":21,"column":56}},"9":{"start":{"line":24,"column":0},"end":{"line":24,"column":59}},"10":{"start":{"line":26,"column":0},"end":{"line":26,"column":24}}},"fnMap":{},"branchMap":{},"s":{"0":0,"1":0,"2":0,"3":0,"4":0,"5":0,"6":0,"7":0,"8":0,"9":0,"10":0},"f":{},"b":{}}
,"/home/runner/work/Medz/Medz/backend/routes/orders.routes.js": {"path":"/home/runner/work/Medz/Medz/backend/routes/orders.routes.js","statementMap":{"0":{"start":{"line":2,"column":16},"end":{"line":2,"column":34}},"1":{"start":{"line":3,"column":15},"end":{"line":3,"column":31}},"2":{"start":{"line":4,"column":25},"end":{"line":4,"column":68}},"3":{"start":{"line":6,"column":0},"end":{"line":6,"column":51}},"4":{"start":{"line":7,"column":0},"end":{"line":7,"column":53}},"5":{"start":{"line":9,"column":0},"end":{"line":9,"column":24}}},"fnMap":{},"branchMap":{},"s":{"0":0,"1":0,"2":0,"3":0,"4":0,"5":0},"f":{},"b":{}}
,"/home/runner/work/Medz/Medz/backend/routes/payments.routes.js": {"path":"/home/runner/work/Medz/Medz/backend/routes/payments.routes.js","statementMap":{"0":{"start":{"line":2,"column":16},"end":{"line":2,"column":34}},"1":{"start":{"line":3,"column":15},"end":{"line":3,"column":31}},"2":{"start":{"line":4,"column":27},"end":{"line":4,"column":72}},"3":{"start":{"line":7,"column":0},"end":{"line":7,"column":70}},"4":{"start":{"line":10,"column":0},"end":{"line":10,"column":66}},"5":{"start":{"line":13,"column":0},"end":{"line":13,"column":61}},"6":{"start":{"line":16,"column":0},"end":{"line":16,"column":74}},"7":{"start":{"line":18,"column":0},"end":{"line":18,"column":24}}},"fnMap":{},"branchMap":{},"s":{"0":0,"1":0,"2":0,"3":0,"4":0,"5":0,"6":0,"7":0},"f":{},"b":{}}
,"/home/runner/work/Medz/Medz/backend/routes/tests.routes.js": {"path":"/home/runner/work/Medz/Medz/backend/routes/tests.routes.js","statementMap":{"0":{"start":{"line":2,"column":16},"end":{"line":2,"column":34}},"1":{"start":{"line":3,"column":15},"end":{"line":3,"column":31}},"2":{"start":{"line":4,"column":24},"end":{"line":4,"column":66}},"3":{"start":{"line":6,"column":0},"end":{"line":6,"column":47}},"4":{"start":{"line":7,"column":0},"end":{"line":7,"column":53}},"5":{"start":{"line":9,"column":0},"end":{"line":9,"column":24}}},"fnMap":{},"branchMap":{},"s":{"0":0,"1":0,"2":0,"3":0,"4":0,"5":0},"f":{},"b":{}}
,"/home/runner/work/Medz/Medz/backend/services/email.service.js": {"path":"/home/runner/work/Medz/Medz/backend/services/email.service.js","statementMap":{"0":{"start":{"line":2,"column":19},"end":{"line":2,"column":40}},"1":{"start":{"line":7,"column":8},"end":{"line":21,"column":9}},"2":{"start":{"line":8,"column":12},"end":{"line":10,"column":14}},"3":{"start":{"line":9,"column":39},"end":{"line":9,"column":69}},"4":{"start":{"line":12,"column":12},"end":{"line":20,"column":15}},"5":{"start":{"line":25,"column":28},"end":{"line":83,"column":9}},"6":{"start":{"line":85,"column":8},"end":{"line":92,"column":9}},"7":{"start":{"line":86,"column":12},"end":{"line":86,"column":57}},"8":{"start":{"line":87,"column":12},"end":{"line":87,"column":62}},"9":{"start":{"line":88,"column":12},"end":{"line":88,"column":37}},"10":{"start":{"line":90,"column":12},"end":{"line":90,"column":54}},"11":{"start":{"line":91,"column":12},"end":{"line":91,"column":60}},"12":{"start":{"line":96,"column":28},"end":{"line":139,"column":9}},"13":{"start":{"line":124,"column":65},"end":{"line":129,"column":33}},"14":{"start":{"line":141,"column":8},"end":{"line":147,"column":9}},"15":{"start":{"line":142,"column":12},"end":{"line":142,"column":57}},"16":{"start":{"line":143,"column":12},"end":{"line":143,"column":37}},"17":{"start":{"line":145,"column":12},"end":{"line":145,"column":55}},"18":{"start":{"line":146,"column":12},"end":{"line":146,"column":60}},"19":{"start":{"line":151,"column":28},"end":{"line":184,"column":9}},"20":{"start":{"line":186,"column":8},"end":{"line":192,"column":9}},"21":{"start":{"line":187,"column":12},"end":{"line":187,"column":57}},"22":{"start":{"line":188,"column":12},"end":{"line":188,"column":37}},"23":{"start":{"line":190,"column":12},"end":{"line":190,"column":56}},"24":{"start":{"line":191,"column":12},"end":{"line":191,"column":60}},"25":{"start":{"line":196,"column":0},"end":{"line":196,"column":36}}},"fnMap":{"0":{"name":"(anonymous_0)","decl":{"start":{"line":5,"column":4},"end":{"line":5,"column":5}},"loc":{"start":{"line":5,"column":18},"end":{"line":22,"column":5}},"line":5},"1":{"name":"(anonymous_1)","decl":{"start":{"line":9,"column":26},"end":{"line":9,"column":27}},"loc":{"start":{"line":9,"column":39},"end":{"line":9,"column":69}},"line":9},"2":{"name":"(anonymous_2)","decl":{"start":{"line":24,"column":4},"end":{"line":24,"column":5}},"loc":{"start":{"line":24,"column":62},"end":{"line":93,"column":5}},"line":24},"3":{"name":"(anonymous_3)","decl":{"start":{"line":95,"column":4},"end":{"line":95,"column":5}},"loc":{"start":{"line":95,"column":57},"end":{"line":148,"column":5}},"line":95},"4":{"name":"(anonymous_4)","decl":{"start":{"line":124,"column":57},"end":{"line":124,"column":58}},"loc":{"start":{"line":124,"column":65},"end":{"line":129,"column":33}},"line":124},"5":{"name":"(anonymous_5)","decl":{"start":{"line":150,"column":4},"end":{"line":150,"column":5}},"loc":{"start":{"line":150,"column":52},"end":{"line":193,"column":5}},"line":150}},"branchMap":{"0":{"loc":{"start":{"line":7,"column":8},"end":{"line":21,"column":9}},"type":"if","locations":[{"start":{"line":7,"column":8},"end":{"line":21,"column":9}},{"start":{"line":11,"column":15},"end":{"line":21,"column":9}}],"line":7},"1":{"loc":{"start":{"line":13,"column":22},"end":{"line":13,"column":63}},"type":"binary-expr","locations":[{"start":{"line":13,"column":22},"end":{"line":13,"column":43}},{"start":{"line":13,"column":47},"end":{"line":13,"column":63}}],"line":13},"2":{"loc":{"start":{"line":14,"column":22},"end":{"line":14,"column":50}},"type":"binary-expr","locations":[{"start":{"line":14,"column":22},"end":{"line":14,"column":43}},{"start":{"line":14,"column":47},"end":{"line":14,"column":50}}],"line":14}},"s":{"0":0,"1":0,"2":0,"3":0,"4":0,"5":0,"6":0,"7":0,"8":0,"9":0,"10":0,"11":0,"12":0,"13":0,"14":0,"15":0,"16":0,"17":0,"18":0,"19":0,"20":0,"21":0,"22":0,"23":0,"24":0,"25":0},"f":{"0":0,"1":0,"2":0,"3":0,"4":0,"5":0},"b":{"0":[0,0],"1":[0,0],"2":[0,0]}}
,"/home/runner/work/Medz/Medz/backend/services/sms.service.js": {"path":"/home/runner/work/Medz/Medz/backend/services/sms.service.js","statementMap":{"0":{"start":{"line":2,"column":15},"end":{"line":2,"column":32}},"1":{"start":{"line":7,"column":8},"end":{"line":20,"column":9}},"2":{"start":{"line":8,"column":12},"end":{"line":12,"column":14}},"3":{"start":{"line":10,"column":41},"end":{"line":10,"column":80}},"4":{"start":{"line":13,"column":12},"end":{"line":13,"column":44}},"5":{"start":{"line":15,"column":12},"end":{"line":18,"column":14}},"6":{"start":{"line":19,"column":12},"end":{"line":19,"column":62}},"7":{"start":{"line":24,"column":24},"end":{"line":24,"column":219}},"8":{"start":{"line":26,"column":8},"end":{"line":37,"column":9}},"9":{"start":{"line":27,"column":27},"end":{"line":31,"column":14}},"10":{"start":{"line":32,"column":12},"end":{"line":32,"column":62}},"11":{"start":{"line":33,"column":12},"end":{"line":33,"column":60}},"12":{"start":{"line":35,"column":12},"end":{"line":35,"column":52}},"13":{"start":{"line":36,"column":12},"end":{"line":36,"column":60}},"14":{"start":{"line":41,"column":24},"end":{"line":41,"column":122}},"15":{"start":{"line":43,"column":8},"end":{"line":53,"column":9}},"16":{"start":{"line":44,"column":27},"end":{"line":48,"column":14}},"17":{"start":{"line":49,"column":12},"end":{"line":49,"column":60}},"18":{"start":{"line":51,"column":12},"end":{"line":51,"column":51}},"19":{"start":{"line":52,"column":12},"end":{"line":52,"column":60}},"20":{"start":{"line":57,"column":24},"end":{"line":57,"column":161}},"21":{"start":{"line":59,"column":8},"end":{"line":69,"column":9}},"22":{"start":{"line":60,"column":27},"end":{"line":64,"column":14}},"23":{"start":{"line":65,"column":12},"end":{"line":65,"column":60}},"24":{"start":{"line":67,"column":12},"end":{"line":67,"column":53}},"25":{"start":{"line":68,"column":12},"end":{"line":68,"column":60}},"26":{"start":{"line":73,"column":24},"end":{"line":73,"column":138}},"27":{"start":{"line":75,"column":8},"end":{"line":85,"column":9}},"28":{"start":{"line":76,"column":27},"end":{"line":80,"column":14}},"29":{"start":{"line":81,"column":12},"end":{"line":81,"column":60}},"30":{"start":{"line":83,"column":12},"end":{"line":83,"column":54}},"31":{"start":{"line":84,"column":12},"end":{"line":84,"column":60}},"32":{"start":{"line":89,"column":31},"end":{"line":93,"column":9}},"33":{"start":{"line":95,"column":24},"end":{"line":95,"column":128}},"34":{"start":{"line":97,"column":8},"end":{"line":107,"column":9}},"35":{"start":{"line":98,"column":27},"end":{"line":102,"column":14}},"36":{"start":{"line":103,"column":12},"end":{"line":103,"column":60}},"37":{"start":{"line":105,"column":12},"end":{"line":105,"column":56}},"38":{"start":{"line":106,"column":12},"end":{"line":106,"column":60}},"39":{"start":{"line":111,"column":0},"end":{"line":111,"column":34}}},"fnMap":{"0":{"name":"(anonymous_0)","decl":{"start":{"line":5,"column":4},"end":{"line":5,"column":5}},"loc":{"start":{"line":5,"column":18},"end":{"line":21,"column":5}},"line":5},"1":{"name":"(anonymous_1)","decl":{"start":{"line":10,"column":28},"end":{"line":10,"column":29}},"loc":{"start":{"line":10,"column":41},"end":{"line":10,"column":80}},"line":10},"2":{"name":"(anonymous_2)","decl":{"start":{"line":23,"column":4},"end":{"line":23,"column":5}},"loc":{"start":{"line":23,"column":62},"end":{"line":38,"column":5}},"line":23},"3":{"name":"(anonymous_3)","decl":{"start":{"line":40,"column":4},"end":{"line":40,"column":5}},"loc":{"start":{"line":40,"column":36},"end":{"line":54,"column":5}},"line":40},"4":{"name":"(anonymous_4)","decl":{"start":{"line":56,"column":4},"end":{"line":56,"column":5}},"loc":{"start":{"line":56,"column":61},"end":{"line":70,"column":5}},"line":56},"5":{"name":"(anonymous_5)","decl":{"start":{"line":72,"column":4},"end":{"line":72,"column":5}},"loc":{"start":{"line":72,"column":59},"end":{"line":86,"column":5}},"line":72},"6":{"name":"(anonymous_6)","decl":{"start":{"line":88,"column":4},"end":{"line":88,"column":5}},"loc":{"start":{"line":88,"column":59},"end":{"line":108,"column":5}},"line":88}},"branchMap":{"0":{"loc":{"start":{"line":7,"column":8},"end":{"line":20,"column":9}},"type":"if","locations":[{"start":{"line":7,"column":8},"end":{"line":20,"column":9}},{"start":{"line":14,"column":15},"end":{"line":20,"column":9}}],"line":7}},"s":{"0":0,"1":0,"2":0,"3":0,"4":0,"5":0,"6":0,"7":0,"8":0,"9":0,"10":0,"11":0,"12":0,"13":0,"14":0,"15":0,"16":0,"17":0,"18":0,"19":0,"20":0,"21":0,"22":0,"23":0,"24":0,"25":0,"26":0,"27":0,"28":0,"29":0,"30":0,"31":0,"32":0,"33":0,"34":0,"35":0,"36":0,"37":0,"38":0,"39":0},"f":{"0":0,"1":0,"2":0,"3":0,"4":0,"5":0,"6":0},"b":{"0":[0,0]}}
,"/home/runner/work/Medz/Medz/backend/src/app.js": {"path":"/home/runner/work/Medz/Medz/backend/src/app.js","statementMap":{"0":{"start":{"line":2,"column":16},"end":{"line":2,"column":34}},"1":{"start":{"line":3,"column":13},"end":{"line":3,"column":28}},"2":{"start":{"line":4,"column":13},"end":{"line":4,"column":28}},"3":{"start":{"line":5,"column":20},"end":{"line":5,"column":42}},"4":{"start":{"line":6,"column":15},"end":{"line":6,"column":32}},"5":{"start":{"line":7,"column":15},"end":{"line":7,"column":32}},"6":{"start":{"line":8,"column":18},"end":{"line":8,"column":47}},"7":{"start":{"line":10,"column":21},"end":{"line":10,"column":55}},"8":{"start":{"line":11,"column":20},"end":{"line":11,"column":53}},"9":{"start":{"line":12,"column":21},"end":{"line":12,"column":55}},"10":{"start":{"line":13,"column":23},"end":{"line":13,"column":59}},"11":{"start":{"line":14,"column":19},"end":{"line":14,"column":51}},"12":{"start":{"line":15,"column":20},"end":{"line":15,"column":53}},"13":{"start":{"line":16,"column":22},"end":{"line":16,"column":57}},"14":{"start":{"line":17,"column":22},"end":{"line":17,"column":57}},"15":{"start":{"line":19,"column":12},"end":{"line":19,"column":21}},"16":{"start":{"line":22,"column":0},"end":{"line":22,"column":18}},"17":{"start":{"line":23,"column":0},"end":{"line":23,"column":28}},"18":{"start":{"line":26,"column":16},"end":{"line":30,"column":2}},"19":{"start":{"line":31,"column":0},"end":{"line":31,"column":26}},"20":{"start":{"line":34,"column":0},"end":{"line":37,"column":4}},"21":{"start":{"line":40,"column":0},"end":{"line":40,"column":41}},"22":{"start":{"line":41,"column":0},"end":{"line":41,"column":63}},"23":{"start":{"line":44,"column":0},"end":{"line":44,"column":23}},"24":{"start":{"line":45,"column":0},"end":{"line":45,"column":23}},"25":{"start":{"line":48,"column":0},"end":{"line":48,"column":64}},"26":{"start":{"line":51,"column":0},"end":{"line":51,"column":90}},"27":{"start":{"line":51,"column":25},"end":{"line":51,"column":88}},"28":{"start":{"line":52,"column":0},"end":{"line":56,"column":4}},"29":{"start":{"line":52,"column":28},"end":{"line":56,"column":2}},"30":{"start":{"line":59,"column":0},"end":{"line":59,"column":30}},"31":{"start":{"line":60,"column":0},"end":{"line":60,"column":29}},"32":{"start":{"line":61,"column":0},"end":{"line":61,"column":30}},"33":{"start":{"line":62,"column":0},"end":{"line":62,"column":32}},"34":{"start":{"line":63,"column":0},"end":{"line":63,"column":28}},"35":{"start":{"line":64,"column":0},"end":{"line":64,"column":35}},"36":{"start":{"line":65,"column":0},"end":{"line":65,"column":39}},"37":{"start":{"line":66,"column":0},"end":{"line":66,"column":39}},"38":{"start":{"line":69,"column":0},"end":{"line":69,"column":68}},"39":{"start":{"line":69,"column":22},"end":{"line":69,"column":66}},"40":{"start":{"line":72,"column":0},"end":{"line":78,"column":3}},"41":{"start":{"line":73,"column":4},"end":{"line":73,"column":43}},"42":{"start":{"line":74,"column":4},"end":{"line":77,"column":7}},"43":{"start":{"line":80,"column":0},"end":{"line":80,"column":21}}},"fnMap":{"0":{"name":"(anonymous_0)","decl":{"start":{"line":51,"column":13},"end":{"line":51,"column":14}},"loc":{"start":{"line":51,"column":25},"end":{"line":51,"column":88}},"line":51},"1":{"name":"(anonymous_1)","decl":{"start":{"line":52,"column":16},"end":{"line":52,"column":17}},"loc":{"start":{"line":52,"column":28},"end":{"line":56,"column":2}},"line":52},"2":{"name":"(anonymous_2)","decl":{"start":{"line":69,"column":8},"end":{"line":69,"column":9}},"loc":{"start":{"line":69,"column":22},"end":{"line":69,"column":66}},"line":69},"3":{"name":"(anonymous_3)","decl":{"start":{"line":72,"column":8},"end":{"line":72,"column":9}},"loc":{"start":{"line":72,"column":33},"end":{"line":78,"column":1}},"line":72}},"branchMap":{"0":{"loc":{"start":{"line":35,"column":12},"end":{"line":35,"column":43}},"type":"binary-expr","locations":[{"start":{"line":35,"column":12},"end":{"line":35,"column":36}},{"start":{"line":35,"column":40},"end":{"line":35,"column":43}}],"line":35},"1":{"loc":{"start":{"line":76,"column":17},"end":{"line":76,"column":95}},"type":"cond-expr","locations":[{"start":{"line":76,"column":58},"end":{"line":76,"column":69}},{"start":{"line":76,"column":72},"end":{"line":76,"column":95}}],"line":76}},"s":{"0":0,"1":0,"2":0,"3":0,"4":0,"5":0,"6":0,"7":0,"8":0,"9":0,"10":0,"11":0,"12":0,"13":0,"14":0,"15":0,"16":0,"17":0,"18":0,"19":0,"20":0,"21":0,"22":0,"23":0,"24":0,"25":0,"26":0,"27":0,"28":0,"29":0,"30":0,"31":0,"32":0,"33":0,"34":0,"35":0,"36":0,"37":0,"38":0,"39":0,"40":0,"41":0,"42":0,"43":0},"f":{"0":0,"1":0,"2":0,"3":0},"b":{"0":[0,0],"1":[0,0]}}
,"/home/runner/work/Medz/Medz/backend/src/index.js": {"path":"/home/runner/work/Medz/Medz/backend/src/index.js","statementMap":{"0":{"start":{"line":2,"column":0},"end":{"line":2,"column":27}},"1":{"start":{"line":3,"column":13},"end":{"line":3,"column":28}},"2":{"start":{"line":4,"column":12},"end":{"line":4,"column":28}},"3":{"start":{"line":6,"column":13},"end":{"line":6,"column":37}},"4":{"start":{"line":7,"column":13},"end":{"line":7,"column":42}},"5":{"start":{"line":9,"column":15},"end":{"line":9,"column":37}},"6":{"start":{"line":10,"column":0},"end":{"line":10,"column":32}},"7":{"start":{"line":11,"column":0},"end":{"line":11,"column":30}},"8":{"start":{"line":13,"column":0},"end":{"line":15,"column":3}},"9":{"start":{"line":14,"column":2},"end":{"line":14,"column":57}},"10":{"start":{"line":17,"column":0},"end":{"line":17,"column":78}},"11":{"start":{"line":17,"column":38},"end":{"line":17,"column":76}},"12":{"start":{"line":18,"column":0},"end":{"line":18,"column":76}},"13":{"start":{"line":18,"column":37},"end":{"line":18,"column":74}}},"fnMap":{"0":{"name":"(anonymous_0)","decl":{"start":{"line":13,"column":26},"end":{"line":13,"column":27}},"loc":{"start":{"line":13,"column":32},"end":{"line":15,"column":1}},"line":13},"1":{"name":"(anonymous_1)","decl":{"start":{"line":17,"column":33},"end":{"line":17,"column":34}},"loc":{"start":{"line":17,"column":38},"end":{"line":17,"column":76}},"line":17},"2":{"name":"(anonymous_2)","decl":{"start":{"line":18,"column":32},"end":{"line":18,"column":33}},"loc":{"start":{"line":18,"column":37},"end":{"line":18,"column":74}},"line":18}},"branchMap":{"0":{"loc":{"start":{"line":6,"column":13},"end":{"line":6,"column":37}},"type":"binary-expr","locations":[{"start":{"line":6,"column":13},"end":{"line":6,"column":29}},{"start":{"line":6,"column":33},"end":{"line":6,"column":37}}],"line":6},"1":{"loc":{"start":{"line":7,"column":13},"end":{"line":7,"column":42}},"type":"binary-expr","locations":[{"start":{"line":7,"column":13},"end":{"line":7,"column":29}},{"start":{"line":7,"column":33},"end":{"line":7,"column":42}}],"line":7}},"s":{"0":0,"1":0,"2":0,"3":0,"4":0,"5":0,"6":0,"7":0,"8":0,"9":0,"10":0,"11":0,"12":0,"13":0},"f":{"0":0,"1":0,"2":0},"b":{"0":[0,0],"1":[0,0]}}
}
