TN:
SF:controllers\agent.controller.js
FN:8,(anonymous_0)
FN:44,(anonymous_1)
FN:73,(anonymous_2)
FNF:3
FNH:0
FNDA:0,(anonymous_0)
FNDA:0,(anonymous_1)
FNDA:0,(anonymous_2)
DA:2,0
DA:5,0
DA:8,0
DA:9,0
DA:10,0
DA:12,0
DA:13,0
DA:17,0
DA:25,0
DA:31,0
DA:33,0
DA:34,0
DA:39,0
DA:44,0
DA:45,0
DA:46,0
DA:48,0
DA:49,0
DA:53,0
DA:61,0
DA:67,0
DA:68,0
DA:73,0
DA:74,0
DA:75,0
DA:77,0
DA:78,0
DA:81,0
DA:90,0
DA:97,0
DA:98,0
LF:31
LH:0
BRDA:5,0,0,0
BRDA:5,0,1,0
BRDA:12,1,0,0
BRDA:12,1,1,0
BRDA:19,2,0,0
BRDA:19,2,1,0
BRDA:33,3,0,0
BRDA:33,3,1,0
BRDA:48,4,0,0
BRDA:48,4,1,0
BRDA:48,5,0,0
BRDA:48,5,1,0
BRDA:77,6,0,0
BRDA:77,6,1,0
BRDA:84,7,0,0
BRDA:84,7,1,0
BRF:16
BRH:0
end_of_record
TN:
SF:controllers\auth.controller.js
FN:5,(anonymous_0)
FN:29,(anonymous_1)
FN:55,(anonymous_2)
FNF:3
FNH:0
FNDA:0,(anonymous_0)
FNDA:0,(anonymous_1)
FNDA:0,(anonymous_2)
DA:2,0
DA:5,0
DA:6,0
DA:7,0
DA:9,0
DA:10,0
DA:13,0
DA:24,0
DA:29,0
DA:30,0
DA:31,0
DA:32,0
DA:34,0
DA:41,0
DA:42,0
DA:45,0
DA:50,0
DA:55,0
DA:56,0
DA:57,0
DA:59,0
DA:60,0
DA:63,0
DA:65,0
LF:24
LH:0
BRDA:9,0,0,0
BRDA:9,0,1,0
BRDA:18,1,0,0
BRDA:18,1,1,0
BRDA:41,2,0,0
BRDA:41,2,1,0
BRDA:59,3,0,0
BRDA:59,3,1,0
BRF:8
BRH:0
end_of_record
TN:
SF:controllers\orders.controller.js
FN:4,(anonymous_0)
FN:13,(anonymous_1)
FNF:2
FNH:2
FNDA:2,(anonymous_0)
FNDA:8,(anonymous_1)
DA:1,5
DA:2,5
DA:4,5
DA:5,2
DA:6,2
DA:7,2
DA:9,0
DA:13,5
DA:14,8
DA:15,8
DA:16,8
DA:18,5
DA:28,5
DA:29,5
DA:31,0
LF:15
LH:13
BRDA:15,0,0,1
BRDA:15,1,0,4
BRDA:15,2,0,7
BRDA:15,3,0,7
BRDA:15,4,0,8
BRDA:15,4,1,0
BRDA:16,5,0,3
BRDA:16,5,1,5
BRDA:16,6,0,8
BRDA:16,6,1,7
BRDA:21,7,0,5
BRDA:21,7,1,4
BRF:12
BRH:11
end_of_record
TN:
SF:controllers\payments.controller.js
FN:13,(anonymous_0)
FN:44,(anonymous_1)
FN:97,(anonymous_2)
FN:140,(anonymous_3)
FNF:4
FNH:4
FNDA:6,(anonymous_0)
FNDA:4,(anonymous_1)
FNDA:1,(anonymous_2)
FNDA:2,(anonymous_3)
DA:2,5
DA:3,5
DA:4,5
DA:5,5
DA:7,5
DA:13,5
DA:14,6
DA:15,6
DA:17,6
DA:18,2
DA:21,4
DA:28,4
DA:30,0
DA:38,4
DA:39,4
DA:44,5
DA:45,4
DA:46,4
DA:48,4
DA:49,3
DA:52,1
DA:53,1
DA:58,1
DA:63,0
DA:64,0
DA:71,0
DA:72,0
DA:79,0
DA:85,1
DA:91,0
DA:92,0
DA:97,5
DA:98,1
DA:99,1
DA:100,1
DA:103,1
DA:108,0
DA:109,0
DA:110,0
DA:112,0
DA:113,0
DA:116,0
DA:119,0
DA:120,0
DA:123,0
DA:124,0
DA:126,0
DA:129,0
DA:131,0
DA:134,1
DA:135,1
DA:140,5
DA:141,2
DA:142,2
DA:144,2
DA:146,0
DA:151,2
DA:152,2
LF:58
LH:36
BRDA:8,0,0,5
BRDA:8,0,1,0
BRDA:9,1,0,5
BRDA:9,1,1,0
BRDA:15,2,0,1
BRDA:17,3,0,2
BRDA:17,3,1,4
BRDA:24,4,0,4
BRDA:24,4,1,3
BRDA:25,5,0,4
BRDA:25,5,1,4
BRDA:48,6,0,3
BRDA:48,6,1,1
BRDA:48,7,0,4
BRDA:48,7,1,3
BRDA:48,7,2,2
BRDA:58,8,0,0
BRDA:58,8,1,1
BRDA:63,9,0,0
BRDA:63,9,1,0
BRDA:66,10,0,0
BRDA:66,10,1,0
BRDA:67,11,0,0
BRDA:67,11,1,0
BRDA:71,12,0,0
BRDA:71,12,1,0
BRDA:75,13,0,0
BRDA:75,13,1,0
BRDA:108,14,0,0
BRDA:108,14,1,0
BRDA:116,15,0,0
BRDA:116,15,1,0
BRDA:116,15,2,0
BRF:33
BRH:15
end_of_record
TN:
SF:controllers\tests.controller.js
FN:3,(anonymous_0)
FN:10,(anonymous_1)
FNF:2
FNH:1
FNDA:3,(anonymous_0)
FNDA:0,(anonymous_1)
DA:1,5
DA:3,5
DA:4,3
DA:5,3
DA:6,3
DA:7,0
DA:10,5
DA:11,0
DA:12,0
DA:13,0
DA:14,0
LF:11
LH:6
BRF:0
BRH:0
end_of_record
TN:
SF:middleware\auth.js
FN:5,(anonymous_0)
FN:32,(anonymous_1)
FNF:2
FNH:0
FNDA:0,(anonymous_0)
FNDA:0,(anonymous_1)
DA:2,0
DA:5,0
DA:6,0
DA:7,0
DA:9,0
DA:10,0
DA:13,0
DA:16,0
DA:18,0
DA:19,0
DA:23,0
DA:24,0
DA:26,0
DA:27,0
DA:32,0
DA:33,0
DA:34,0
DA:38,0
DA:40,0
DA:41,0
DA:44,0
LF:21
LH:0
BRDA:9,0,0,0
BRDA:9,0,1,0
BRDA:9,1,0,0
BRDA:9,1,1,0
BRDA:18,2,0,0
BRDA:18,2,1,0
BRDA:18,3,0,0
BRDA:18,3,1,0
BRDA:33,4,0,0
BRDA:33,4,1,0
BRDA:40,5,0,0
BRDA:40,5,1,0
BRF:12
BRH:0
end_of_record
TN:
SF:routes\agent.routes.js
FNF:0
FNH:0
DA:2,0
DA:3,0
DA:4,0
DA:7,0
DA:10,0
DA:13,0
DA:15,0
LF:7
LH:0
BRF:0
BRH:0
end_of_record
TN:
SF:routes\auth.routes.js
FN:11,(anonymous_0)
FN:24,(anonymous_1)
FN:74,(anonymous_2)
FN:87,(anonymous_3)
FN:116,(anonymous_4)
FNF:5
FNH:4
FNDA:8,(anonymous_0)
FNDA:10,(anonymous_1)
FNDA:6,(anonymous_2)
FNDA:11,(anonymous_3)
FNDA:0,(anonymous_4)
DA:2,5
DA:3,5
DA:4,5
DA:5,5
DA:8,5
DA:11,5
DA:12,8
DA:13,8
DA:16,8
DA:17,3
DA:24,10
DA:25,5
DA:26,0
DA:33,5
DA:42,5
DA:45,5
DA:46,5
DA:50,5
DA:51,5
DA:54,5
DA:65,0
DA:66,0
DA:74,5
DA:75,6
DA:76,6
DA:79,6
DA:80,3
DA:87,11
DA:88,3
DA:89,1
DA:96,2
DA:107,0
DA:108,0
DA:116,5
DA:117,0
DA:118,0
DA:121,0
DA:122,0
DA:129,0
DA:131,0
DA:136,0
DA:137,0
DA:144,5
LF:43
LH:30
BRDA:16,0,0,3
BRDA:16,0,1,5
BRDA:16,1,0,8
BRDA:16,1,1,7
BRDA:16,1,2,6
BRDA:25,2,0,0
BRDA:25,2,1,5
BRDA:37,3,0,5
BRDA:37,3,1,0
BRDA:45,4,0,5
BRDA:45,4,1,0
BRDA:50,5,0,5
BRDA:50,5,1,0
BRDA:79,6,0,3
BRDA:79,6,1,3
BRDA:79,7,0,6
BRDA:79,7,1,4
BRDA:88,8,0,1
BRDA:88,8,1,2
BRDA:121,9,0,0
BRDA:121,9,1,0
BRDA:121,10,0,0
BRDA:121,10,1,0
BRDA:121,10,2,0
BRF:24
BRH:15
end_of_record
TN:
SF:routes\health.routes.js
FN:5,(anonymous_0)
FNF:1
FNH:1
FNDA:12,(anonymous_0)
DA:2,5
DA:3,5
DA:5,12
DA:7,5
LF:4
LH:4
BRF:0
BRH:0
end_of_record
TN:
SF:routes\orders.routes.js
FNF:0
FNH:0
DA:2,5
DA:3,5
DA:4,5
DA:6,5
DA:7,5
DA:9,5
LF:6
LH:6
BRF:0
BRH:0
end_of_record
TN:
SF:routes\payments.routes.js
FNF:0
FNH:0
DA:2,5
DA:3,5
DA:4,5
DA:7,5
DA:10,5
DA:13,5
DA:16,5
DA:18,5
LF:8
LH:8
BRF:0
BRH:0
end_of_record
TN:
SF:routes\tests.routes.js
FNF:0
FNH:0
DA:2,5
DA:3,5
DA:4,5
DA:6,5
DA:7,5
DA:9,5
LF:6
LH:6
BRF:0
BRH:0
end_of_record
TN:
SF:services\email.service.js
FN:5,(anonymous_0)
FN:9,(anonymous_1)
FN:24,(anonymous_2)
FN:95,(anonymous_3)
FN:124,(anonymous_4)
FN:150,(anonymous_5)
FNF:6
FNH:3
FNDA:5,(anonymous_0)
FNDA:5,(anonymous_1)
FNDA:5,(anonymous_2)
FNDA:0,(anonymous_3)
FNDA:0,(anonymous_4)
FNDA:0,(anonymous_5)
DA:2,5
DA:7,5
DA:8,5
DA:9,5
DA:12,0
DA:25,5
DA:85,5
DA:86,5
DA:87,5
DA:88,5
DA:90,0
DA:91,0
DA:96,0
DA:124,0
DA:141,0
DA:142,0
DA:143,0
DA:145,0
DA:146,0
DA:151,0
DA:186,0
DA:187,0
DA:188,0
DA:190,0
DA:191,0
DA:196,5
LF:26
LH:10
BRDA:7,0,0,5
BRDA:7,0,1,0
BRDA:13,1,0,0
BRDA:13,1,1,0
BRDA:14,2,0,0
BRDA:14,2,1,0
BRF:6
BRH:1
end_of_record
TN:
SF:services\sms.service.js
FN:5,(anonymous_0)
FN:10,(anonymous_1)
FN:23,(anonymous_2)
FN:40,(anonymous_3)
FN:56,(anonymous_4)
FN:72,(anonymous_5)
FN:88,(anonymous_6)
FNF:7
FNH:3
FNDA:5,(anonymous_0)
FNDA:5,(anonymous_1)
FNDA:5,(anonymous_2)
FNDA:0,(anonymous_3)
FNDA:0,(anonymous_4)
FNDA:0,(anonymous_5)
FNDA:0,(anonymous_6)
DA:2,5
DA:7,5
DA:8,5
DA:10,5
DA:13,5
DA:15,0
DA:19,0
DA:24,5
DA:26,5
DA:27,5
DA:32,5
DA:33,5
DA:35,0
DA:36,0
DA:41,0
DA:43,0
DA:44,0
DA:49,0
DA:51,0
DA:52,0
DA:57,0
DA:59,0
DA:60,0
DA:65,0
DA:67,0
DA:68,0
DA:73,0
DA:75,0
DA:76,0
DA:81,0
DA:83,0
DA:84,0
DA:89,0
DA:95,0
DA:97,0
DA:98,0
DA:103,0
DA:105,0
DA:106,0
DA:111,5
LF:40
LH:11
BRDA:7,0,0,5
BRDA:7,0,1,0
BRF:2
BRH:1
end_of_record
TN:
SF:src\app.js
FN:48,(anonymous_0)
FN:49,(anonymous_1)
FN:63,(anonymous_2)
FN:66,(anonymous_3)
FNF:4
FNH:3
FNDA:0,(anonymous_0)
FNDA:2,(anonymous_1)
FNDA:7,(anonymous_2)
FNDA:7,(anonymous_3)
DA:2,5
DA:3,5
DA:4,5
DA:5,5
DA:6,5
DA:7,5
DA:8,5
DA:10,5
DA:11,5
DA:12,5
DA:13,5
DA:14,5
DA:16,5
DA:19,5
DA:20,5
DA:23,5
DA:28,5
DA:31,5
DA:37,5
DA:38,5
DA:41,5
DA:42,5
DA:45,5
DA:48,5
DA:49,5
DA:56,5
DA:57,5
DA:58,5
DA:59,5
DA:60,5
DA:63,7
DA:66,5
DA:67,7
DA:68,7
DA:74,5
LF:35
LH:35
BRDA:32,0,0,5
BRDA:32,0,1,5
BRDA:70,1,0,0
BRDA:70,1,1,7
BRF:4
BRH:3
end_of_record
TN:
SF:src\index.js
FN:13,(anonymous_0)
FN:17,(anonymous_1)
FN:18,(anonymous_2)
FNF:3
FNH:0
FNDA:0,(anonymous_0)
FNDA:0,(anonymous_1)
FNDA:0,(anonymous_2)
DA:2,0
DA:3,0
DA:4,0
DA:6,0
DA:7,0
DA:9,0
DA:10,0
DA:11,0
DA:13,0
DA:14,0
DA:17,0
DA:18,0
LF:12
LH:0
BRDA:6,0,0,0
BRDA:6,0,1,0
BRDA:7,1,0,0
BRDA:7,1,1,0
BRF:4
BRH:0
end_of_record
